added /home/hanshis/workspace/LongContextInfer to sys.path
Loading checkpoint shards:   0%|          | 0/2 [00:00<?, ?it/s]Loading checkpoint shards:  50%|█████     | 1/2 [00:01<00:01,  1.96s/it]Loading checkpoint shards: 100%|██████████| 2/2 [00:02<00:00,  1.24s/it]Loading checkpoint shards: 100%|██████████| 2/2 [00:02<00:00,  1.35s/it]
tokenized_prompts length: 100
Cached Size: 102400 | Start Size: 512 | Recent Size: 101888
model ans: hCyeEvGw-o3WTZ3vwzmni-iDq-yyKJes
ans: hCyeEvGw-o3WTZ3vwzmni-iDq-yyKJes
True
Cached Size: 102400 | Start Size: 512 | Recent Size: 101888
model ans: xjgyT4Ia0YDCPlxgrazoB3_pQbpn0vge
ans: xjgyT4Ia0YDCPlxgrazoB3_pQbpn0vge
True
Cached Size: 102400 | Start Size: 512 | Recent Size: 101888
model ans: G5zboKmImiTVQNdbMo9WP5dn0nilX23c
ans: G5zboKmImiTVQNdbMo9WP5dn0nilX23c
True
Cached Size: 102400 | Start Size: 512 | Recent Size: 101888
model ans: AWT-rPokEbn2B8Jsbx-kQ0-LS0Jhjs4Y
ans: AWT-rPokEbn2B8Jsbx-kQ0-LS0Jhjs4Y
True
Cached Size: 102400 | Start Size: 512 | Recent Size: 101888
model ans: coiRDt3MLSkrcB8Vpc6ppkmxRGKvcyWh
ans: coiRDt3MLSkrcB8Vpc6ppkmxRGKvcyWh
True
Cached Size: 102400 | Start Size: 512 | Recent Size: 101888
model ans: Bu4bhlOqIViBdD2c4DOZZtmECO54E5hX
ans: Bu4bhlOqIViBdD2c4DOZZtmECO54E5hX
True
Cached Size: 102400 | Start Size: 512 | Recent Size: 101888
model ans: QwXbyqHemegkMXDn3H747_CZR4SXGLls
ans: QwXbyqHemegkMXDn3H747_CZR4SXGLls
True
Cached Size: 102400 | Start Size: 512 | Recent Size: 101888
model ans: k1GPfebTKAFxJ9uBAk-4zvSbofxk1T1A
ans: k1GPfebTKAFxJ9uBAk-4zvSbofxk1T1A
True
Cached Size: 102400 | Start Size: 512 | Recent Size: 101888
model ans: WO3kJCnMsG6_KauL8uHCYsd8tL6mT7CF
ans: WO3kJCnMsG6_KauL8uHCYsd8tL6mT7CF
True
Cached Size: 102400 | Start Size: 512 | Recent Size: 101888
model ans: zAYfxs49hQVJ3z5ogsM8Widv_bp0dY3p
ans: zAYfxs49hQVJ3z5ogsM8Widv_bp0dY3p
True
Cached Size: 102400 | Start Size: 512 | Recent Size: 101888
model ans: qYEGWkp6XMMXi0GCjPsDLK9RxAjpZAl_
ans: qYEGWkp6XMMXi0GCjPsDLK9RxAjpZAl_
True
Cached Size: 102400 | Start Size: 512 | Recent Size: 101888
model ans: WtS2KedxoVumMP3DxuxpwWTSi9vBKXLU
ans: WtS2KedxoVumMP3DxuxpwWTSi9vBKXLU
True
Cached Size: 102400 | Start Size: 512 | Recent Size: 101888
model ans: gYwuuTedAzbt2kDBO6TJJkoeiLoHXCzx
ans: gYwuuTedAzbt2kDBO6TJJkoeiLoHXCzx
True
Cached Size: 102400 | Start Size: 512 | Recent Size: 101888
model ans: iEbwpK0x-4iXL_4CeLJ_XuxAeBbcyyx.
ans: iEbwpK0x-4iXL_4CeLgJ_XuxAeBbcyyx
False
Cached Size: 102400 | Start Size: 512 | Recent Size: 101888
model ans: o0bRadEre81ch32iGV4PYG2ufQPQak0S
ans: o0bRadEre81ch32iGV4PYG2ufQPQak0S
True
Cached Size: 102400 | Start Size: 512 | Recent Size: 101888
model ans: A8lsxzss0Q_9g7mSQkgcJxX1OoX95-4.
ans: A8lsxzss0Q_9g7mSQFkgcJxX1OoX95-4
False
Cached Size: 102400 | Start Size: 512 | Recent Size: 101888
model ans: hJ2QyK_-PDWmag1BVNEu7uFUTAAOlJPs
ans: hJ2QyK_-PDWmag1BVNEu7uFuTAAOlJPs
False
Cached Size: 102400 | Start Size: 512 | Recent Size: 101888
model ans: FcPpnk8BwaQpPVnhnpOXm0JEE-nx4S54
ans: FcPpnk8BwaQpPVnhnpOXm0JEE-nx4S54
True
Cached Size: 102400 | Start Size: 512 | Recent Size: 101888
model ans: ckOChsOPiJSrfUysL6Eua0FZcYYtz32F
ans: ckOChsOPiJSrfUysL6Eua0FZcYYtz32F
True
Cached Size: 102400 | Start Size: 512 | Recent Size: 101888
model ans: CviNFZZsFInv6TM-1-nwmZMGxbaX7rL.
ans: CviNFZZsFInv6TM-1-nwmZMGgxbaX7rL
False
Cached Size: 102400 | Start Size: 512 | Recent Size: 101888
model ans: 9_4AC4Bx-nypkMfONNxljddCNrOuo370
ans: 9_4AC4Bx-nypkMfONNxljddCNrOuo370
True
Cached Size: 102400 | Start Size: 512 | Recent Size: 101888
model ans: SwBSjf00Q5W_O9WnraZwh2YUu4f3AH3z
ans: SwBSjf00Q5W_O9WnraZwh2YUu4f3AH3z
True
Cached Size: 102400 | Start Size: 512 | Recent Size: 101888
model ans: zKL44HZFK0hjuUSNoeU_mjwDGyaR6dzY
ans: zKL44HZFK0hjuUSNoeU_mjwDGyaR6dzY
True
Cached Size: 102400 | Start Size: 512 | Recent Size: 101888
model ans: 0Gmwzy5EMpR1jEhHEInk-I8cACfGChUm
ans: 0Gmwzy5EMpR1jEhHEInk-I8cACfGChUm
True
Cached Size: 102400 | Start Size: 512 | Recent Size: 101888
model ans: ByJiIqMIjEU3OY5MEdhahxFKgI7JQq6D
ans: ByJiIqMIjEU3OY5MEdhahxFKgI7JQq6D
True
Cached Size: 102400 | Start Size: 512 | Recent Size: 101888
model ans: sWlxD3aOmMkEyPgeHxReAL1GOxvvEX. 
ans: sWlxD3aOmMkEyPgeHxcxReAL1GOxvvEX
False
Cached Size: 102400 | Start Size: 512 | Recent Size: 101888
model ans: q4fCncYfVnnPDloiv5F90X5Lf7t4H_ve
ans: q4fCncYfVnnPDloiv5F90X5Lf7t4H_ve
True
Cached Size: 102400 | Start Size: 512 | Recent Size: 101888
model ans: 9QF4fpuVtGQBBPBsuCzUV_TQpGo1sHxk
ans: 9QF4fpuVtGQBBPBsuCzUV_TQpGo1sHxk
True
Cached Size: 102400 | Start Size: 512 | Recent Size: 101888
model ans: 6SxzxXgblDGMiJrAMTATxl4DaCjUMlrj
ans: 6SxzxXgblDGMiJrAMTATxl4DaCjUMlrj
True
Cached Size: 102400 | Start Size: 512 | Recent Size: 101888
model ans: E1IKfBDMzBsSbw7WszCh1QH0WB1Pm0. 
ans: E1IKfBDMzBsSbw7WszCh1QH0WB1Pm0Vg
False
Cached Size: 102400 | Start Size: 512 | Recent Size: 101888
model ans: gn0wPN8X4fNSbepuEAqUZwus_pSo3-c.
ans: gn0wPN8X4fNSbepuEAqUZzWUs_pSo3-c
False
Cached Size: 102400 | Start Size: 512 | Recent Size: 101888
model ans: y31Z5rMktxdo4XRQEMpeSXzrCzLoFztK
ans: y31Z5rMktxdo4XRQEMpeSXzrCzLoFztK
True
Cached Size: 102400 | Start Size: 512 | Recent Size: 101888
model ans: v19ZrUdm5LceAhcf3QoDE1BebbFQN7rx
ans: v19ZrUdm5LceAhcf3QoDE1BebbFQN7rx
True
Cached Size: 102400 | Start Size: 512 | Recent Size: 101888
model ans: ukRU4HcOoT9815aBeN5jGX10xsVY9UY5
ans: ukRU4HcOoT9815aBeN5jGX10xsVY9UY5
True
Cached Size: 102400 | Start Size: 512 | Recent Size: 101888
model ans: Bb-XBYGT1YbaEo4vXFJ6xZMlT3YRnU. 
ans: Bb-XBYGT1YbaEo4vXfVFJ6xZMlT3YRnU
False
Cached Size: 102400 | Start Size: 512 | Recent Size: 101888
model ans: AHr_cV_a9cJWP1orVOFz7KdqW6AKir9y
ans: AHr_cV_a9cJWP1orVOFz7KdqW6AKir9y
True
Cached Size: 102400 | Start Size: 512 | Recent Size: 101888
model ans: qhkkZR0UgjlAMxkwVUftyaEHVJYdSRaN
ans: qhkkZR0UgjlAMxkwVUftyaEHVJYdSRaN
True
Cached Size: 102400 | Start Size: 512 | Recent Size: 101888
model ans: a0mqnPZv8-_YSeQkSKL8CjQUnWmLI4Xn
ans: a0mqnPZv8-_YSeQkSKL8CjQUnWmLI4Xn
True
Cached Size: 102400 | Start Size: 512 | Recent Size: 101888
model ans: 6jxjgwsiuZfhcYDpTgGL3aSAg5BQGsuJ
ans: 6jxjgwsiuZfhcYDpTgGL3aSAg5BQGsuJ
True
Cached Size: 102400 | Start Size: 512 | Recent Size: 101888
model ans: XevWR7ks8r0-T3xHNheHj42ujhluuT7O
ans: XevWR7ks8r0-T3xHNheHj42ujhluuT7O
True
Cached Size: 102400 | Start Size: 512 | Recent Size: 101888
model ans: SU0MVMC8SJ7QvwcRrjGPpLY7_b-wm-ms
ans: SU0MVMC8SJ7QvwcRrjGPpLY7_b-wm-ms
True
Cached Size: 102400 | Start Size: 512 | Recent Size: 101888
model ans: KAgRwljCIahi7B-gdIV_MyN0L-2AoAzp
ans: KAgRwljCIahi7B-gdIV_MyN0L-2AoAzp
True
Cached Size: 102400 | Start Size: 512 | Recent Size: 101888
model ans: MQev1aEaqRBDH7gUHHqOfDkWQ7MUVeq_
ans: MQev1aEaqRBDH7gUHHqOfDkWQ7MUVeq_
True
Cached Size: 102400 | Start Size: 512 | Recent Size: 101888
model ans: C2fxeu7rq4HgXYddbGyoo_RlburzFCbB
ans: C2fxeu7rq4HgXYddbGyoo_RlburzFCbB
True
Cached Size: 102400 | Start Size: 512 | Recent Size: 101888
model ans: xP_kz5buPYemI_t2Iz7-DzyxVtJWjlhi
ans: xP_kz5buPYemI_t2Iz7-DzyxVtJWjlhi
True
Cached Size: 102400 | Start Size: 512 | Recent Size: 101888
model ans: A95tZPjgZPHfzoVWAS6Ha7Njcr_IiJN3
ans: A95tZPjgZPHfzoVWAS6Ha7Njcr_IiJN3
True
Cached Size: 102400 | Start Size: 512 | Recent Size: 101888
model ans: UOq-AuqAU8WrV2Em6PqsKEIEzcbS5w-T
ans: UOq-AuqAU8WrV2Em6PqsKEIEzcbS5w-T
True
Cached Size: 102400 | Start Size: 512 | Recent Size: 101888
model ans: alYHzmej8o8TOt7aGJxGEKDcXqzQJ-A1
ans: alYHzmej8o8TOt7aGJxGEKDcXqzQJ-A1
True
Cached Size: 102400 | Start Size: 512 | Recent Size: 101888
model ans: v6bCgz38cgI9jeEBHg6O-DTINVBHlDr.
ans: v6bCZgz38cgI9jeEBHg6O-DTINVBHlDr
False
Cached Size: 102400 | Start Size: 512 | Recent Size: 101888
model ans: wPsJVQBLUaG08oSMiF47fE82ANiWNPvA
ans: wPsJVQBLUaG08oSMiF47fE82ANiWNPvA
True
Cached Size: 102400 | Start Size: 512 | Recent Size: 101888
model ans: k1ahPoJI02eEw72PUCUthv5sF0TQL1en
ans: k1ahPoJI02eEw72PUCUthv5sF0TQL1en
True
Cached Size: 102400 | Start Size: 512 | Recent Size: 101888
model ans: y5MOf7X1U13ZXzXTYtcBEyG6prYhwoyp
ans: y5MOf7X1U13ZXzXTYtcBEyG6prYhwoyp
True
Cached Size: 102400 | Start Size: 512 | Recent Size: 101888
model ans: 25sjiYTaou7qLnhSnI_ifJL4XcIBZuvH
ans: 25sjiYTaou7qLnhSnI_ifJL4XcIBZuvH
True
Cached Size: 102400 | Start Size: 512 | Recent Size: 101888
model ans: VCM_wWpg0C6ICO-GvrJgj_f-6s3uVz7p
ans: VCM_wWpg0C6ICO-GvrJgj_f-6s3uVz7p
True
Cached Size: 102400 | Start Size: 512 | Recent Size: 101888
model ans: rbbYCKuAxXZgvSEGyWKdmmqXvazR3hs4
ans: rbbYCKuAxXZgvSEGyWKdmmqXvazR3hs4
True
Cached Size: 102400 | Start Size: 512 | Recent Size: 101888
model ans: WYisegB6nS-WNMREw_r-mArkaqH87kvv
ans: WYisegB6nS-WNMREw_r-mArkaqH87kvv
True
Cached Size: 102400 | Start Size: 512 | Recent Size: 101888
model ans: qwLlsuBFm2jLby5rCPoiRFTHl-XazdJJ
ans: qwLlsuBFm2jLby5rCPoiRFTHl-XazdJJ
True
Cached Size: 102400 | Start Size: 512 | Recent Size: 101888
model ans: XUEtflshOgzKcnfMpqsBNde0u2fVCm41
ans: XUEtflshOgzKcnfMpqsBNde0u2fVCm41
True
Cached Size: 102400 | Start Size: 512 | Recent Size: 101888
model ans: TdALFMBuuviQ8U_mp0eKW6xnmfnVpH4x
ans: TdALFMBuuviQ8U_mp0eKW6xnmfnVpH4x
True
Cached Size: 102400 | Start Size: 512 | Recent Size: 101888
model ans: jdTwYk4DfQK7SWUJbCUwhGcvR_dKzWMH
ans: jdTwYk4DfQK7SWUJbCUwhGcvR_dKzWMH
True
Cached Size: 102400 | Start Size: 512 | Recent Size: 101888
model ans: GSGrEXggPG7r0WP1pFUGHBJQUFQNtWSc
ans: GSGrEXggPG7r0WP1pFUGHBJQUFQNtWSc
True
Cached Size: 102400 | Start Size: 512 | Recent Size: 101888
model ans: 4l-ayAL4RTehuagYhVOpefEUbeuD9uDC
ans: 4l-ayAL4RTehuagYhVOpefEUbeuD9uDC
True
Cached Size: 102400 | Start Size: 512 | Recent Size: 101888
model ans: Oj_3sN642swfhy6CCmfpD0Y6bNMpd3rz
ans: Oj_3sN642swfhy6CCmfpD0Y6bNMpd3rz
True
Cached Size: 102400 | Start Size: 512 | Recent Size: 101888
model ans: js3z8v1Gx1awVTuIAsCu7C2OdMTgJbNX
ans: js3z8v1Gx1awVTuIAsCu7C2OdMTgJbNX
True
Cached Size: 102400 | Start Size: 512 | Recent Size: 101888
model ans: vr4KFyvVpiOaZfe9yFL_O8u5BdO00FL1
ans: vr4KFyvVpiOaZfe9yFL_O8u5BdO00FL1
True
Cached Size: 102400 | Start Size: 512 | Recent Size: 101888
model ans: wqw7zR0Om_cZOdGCQt7E1hVRrnY7bRtn
ans: wqw7zR0Om_cZOdGCQt7E1hVRrnY7bRtn
True
Cached Size: 102400 | Start Size: 512 | Recent Size: 101888
model ans: 4pfgFRtvMPSwGzHt5M0ug0LXQs7zZPEl
ans: 4pfgFRtvMPSwGzHt5M0ug0LXQs7zZPEl
True
Cached Size: 102400 | Start Size: 512 | Recent Size: 101888
model ans: a14h0LWYmD8TtGqr1tGKEj7nry_A8yLP
ans: a14h0LWYmD8TtGqr1tGKEj7nry_A8yLP
True
Cached Size: 102400 | Start Size: 512 | Recent Size: 101888
model ans: KB3PdGQRD182kwW8Gx9IQc7g57wUokGU
ans: KB3PdGQRD182kwW8Gx9IQc7g57wUokGU
True
Cached Size: 102400 | Start Size: 512 | Recent Size: 101888
model ans: 2itiPnFqCiajvnjkeNIj72AgYacTnzwb
ans: 2itiPnFqCiajvnjkeNIj72AgYacTnzwb
True
Cached Size: 102400 | Start Size: 512 | Recent Size: 101888
model ans: xDvwyPyy-NPvY-TsDixclwOVKikq4Cmo
ans: xDvwyPyy-NPvY-TsDixclwOVKikq4Cmo
True
Cached Size: 102400 | Start Size: 512 | Recent Size: 101888
model ans: VBkvmwT30DwmhYqUNk4STbdSj5RW-Xv3
ans: VBkvmwT30DwmhYqUNk4STbdSj5RW-Xv3
True
Cached Size: 102400 | Start Size: 512 | Recent Size: 101888
model ans: mD9uQAW2VEyldS4SuLtjMpt3BKo2cWW_
ans: mD9uQAW2VEyldS4SuLtjMpt3BKo2cWW_
True
Cached Size: 102400 | Start Size: 512 | Recent Size: 101888
model ans: 3jEXFxY6cUm0p1DCh_3-phwhl3KeLkKY
ans: 3jEXFxY6cUm0p1DCh_3-phwhl3KeLkKY
True
Cached Size: 102400 | Start Size: 512 | Recent Size: 101888
model ans: g1EMeg__SyV83t7dB9ECrX7AZCX0b7Q-
ans: g1EMeg__SyV83t7dB9ECrX7AZCX0b7Q-
True
Cached Size: 102400 | Start Size: 512 | Recent Size: 101888
model ans: 8wLr_cija4qvNJfhHUKjCJc-JE5RzbSc
ans: 8wLr_cija4qvNJfhHUKjCJc-JE5RzbSc
True
Cached Size: 102400 | Start Size: 512 | Recent Size: 101888
model ans: C_uvyD-XiU1bDgbHqUdmtMGSoOV0ZIIW
ans: C_uvyD-XiU1bDgbHqUdmtMGSoOV0ZIIW
True
Cached Size: 102400 | Start Size: 512 | Recent Size: 101888
model ans: TGRydxYGDCGGZBQeslbnQaHpiIU8Ce7Q
ans: TGRydxYGDCGGZBQeslbnQaHpiIU8Ce7Q
True
Cached Size: 102400 | Start Size: 512 | Recent Size: 101888
model ans: m42h4-3p-c5VwunuTgW98jY03AxSeD7p
ans: m42h4-3p-c5VwunuTgW98jY03AxSeD7p
True
Cached Size: 102400 | Start Size: 512 | Recent Size: 101888
model ans: uHslMjIAZusng9NEwWV2C4StofQmn7DM
ans: uHslMjIAZusng9NEwWV2C4StofQmn7DM
True
Cached Size: 102400 | Start Size: 512 | Recent Size: 101888
model ans: vVLR745Cz2oK5arUNDqUwQtnydScRYv8
ans: vVLR745Cz2oK5arUNDqUwQtnydScRYv8
True
Cached Size: 102400 | Start Size: 512 | Recent Size: 101888
model ans: OszuMmOeK97sOAHh5MxKJsA5duLwINtd
ans: OszuMmOeK97sOAHh5MxKJsA5duLwINtd
True
Cached Size: 102400 | Start Size: 512 | Recent Size: 101888
model ans: DiS1lyd5uVkz_nh3nWpey2VZ4ttVQDIk
ans: DiS1lyd5uVkz_nh3nWpey2VZ4ttVQDIk
True
Cached Size: 102400 | Start Size: 512 | Recent Size: 101888
model ans: 9Ga4lakOGBKA64JIG7VUWeZtiMvoOmho
ans: 9Ga4lakOGBKA64JIG7VUWeZtiMvoOmho
True
Cached Size: 102400 | Start Size: 512 | Recent Size: 101888
model ans: nTT4HSblXj3-hNI2RJEhfDNh3JBxjRGw
ans: nTT4HSblXj3-hNI2RJEhfDNh3JBxjRGw
True
Cached Size: 102400 | Start Size: 512 | Recent Size: 101888
model ans: cLdEnJ1UHv4aTzNxZuKWs3Ym5ZtrbA0-
ans: cLdEnJ1UHv4aTzNxZuKWs3Ym5ZtrbA0-
True
Cached Size: 102400 | Start Size: 512 | Recent Size: 101888
model ans: JVJBuj8f9PD_ZFG6QAivwvmKee0JV6dP
ans: JVJBuj8f9PD_ZFG6QAivwvmKee0JV6dP
True
Cached Size: 102400 | Start Size: 512 | Recent Size: 101888
model ans: M_YpF2KGsD18p8HXu1Mb5t7ghVrtWMeo
ans: M_YpF2KGsD18p8HXu1Mb5t7ghVrtWMeo
True
Cached Size: 102400 | Start Size: 512 | Recent Size: 101888
model ans: Nbg06X6tvKk9-hnT7BeDVm7KQ5sTPQe_
ans: Nbg06X6tvKk9-hnT7BeDVm7KQ5sTPQe_
True
Cached Size: 102400 | Start Size: 512 | Recent Size: 101888
model ans: fzPTfqlwBeClpDmznHFPaxwZ35UuaHLg
ans: fzPTfqlwBeClpDmznHFPaxwZ35UuaHLg
True
Cached Size: 102400 | Start Size: 512 | Recent Size: 101888
model ans: q_EZmHicnYW6JGoXcTg35mhZhuoGWgOt
ans: q_EZmHicnYW6JGoXcTg35mhZhuoGWgOt
True
Cached Size: 102400 | Start Size: 512 | Recent Size: 101888
model ans: cUdr547K3EOQxMJhFqt-A62BYDDcaRgr
ans: cUdr547K3EOQxMJhFqt-A62BYDDcaRgr
True
Cached Size: 102400 | Start Size: 512 | Recent Size: 101888
model ans: -54_ZLOjhjPUMrzL4L6_AM9M9-rWLeGR
ans: -54_ZLOjhjPUMrzL4L6_AM9M9-rWLeGR
True
Cached Size: 102400 | Start Size: 512 | Recent Size: 101888
model ans: eZqANa3K2Na4Ly3z5xvIpBR8IPg6vcvp
ans: eZqANa3K2Na4Ly3z5xvIpBR8IPg6vcvp
True
Cached Size: 102400 | Start Size: 512 | Recent Size: 101888
model ans: ul6AQaYg5gtX2OjFPc0NVD0RU10Kukc-
ans: ul6AQaYg5gtX2OjFPc0NVD0RU10Kukc-
True
Cached Size: 102400 | Start Size: 512 | Recent Size: 101888
model ans: 42TTH513D7utxAvS-e90-fME_cGosws3
ans: 42TTH513D7utxAvS-e90-fME_cGosws3
True
Cached Size: 102400 | Start Size: 512 | Recent Size: 101888
model ans: z7I-9RUSo9MXEwx8eaC32BQZGuCiXNYe
ans: z7I-9RUSo9MXEwx8eaC32BQZGuCiXNYe
True
Cached Size: 102400 | Start Size: 512 | Recent Size: 101888
model ans: SkmhWgK5LTft7K5fVXRlYXTxHhhb2wIz
ans: SkmhWgK5LTft7K5fVXRlYXTxHhhb2wIz
True
Cached Size: 102400 | Start Size: 512 | Recent Size: 101888
model ans: jnallOS1SgKg9Z-Qie37wvbSRfberI3P
ans: jnallOS1SgKg9Z-Qie37wvbSRfberI3P
True
Cached Size: 102400 | Start Size: 512 | Recent Size: 101888
model ans: Te5PSzEC5M3nJwF79iN4t7Loe4s3-1y-
ans: Te5PSzEC5M3nJwF79iN4t7Loe4s3-1y-
True
Hit rate: 0.91 with budget 102400 for method streamingllm
