added /home/hanshis/workspace/LongContextInfer to sys.path
Loading checkpoint shards:   0%|          | 0/2 [00:00<?, ?it/s]Loading checkpoint shards:  50%|█████     | 1/2 [00:03<00:03,  3.31s/it]Loading checkpoint shards: 100%|██████████| 2/2 [00:04<00:00,  2.10s/it]Loading checkpoint shards: 100%|██████████| 2/2 [00:04<00:00,  2.28s/it]
tokenized_prompts length: 100
Cached Size: 81920 | Start Size: 512 | Recent Size: 81408
model ans: Jv6TG36-rkMrfYEJUfUUq72Lr1oAeuGj
ans: Jv6TG36-rkMrfYEJUfUq72Lr1oAeuGj6t8FizWyC89BsUrtEidjO35i7T4jy2l7XmDzbgD3py2CuEVW4kmnqfiHBh9sw_FS3_jwfRcZ84qn1CR9AuJl5JM2tUtTREZTv5tw8lBxlyIyIJHec6JVjWAmG6nHjsDHmC7i8XE3ax9Z4IeSGWYr7W1W_j1kqUQCZ9iZ4MuwQqTCO04knOi3m5WGJYQ4LqlcxoSFYUan6tVWviv2H2jG59ZAnkQetvq8U
False
Cached Size: 81920 | Start Size: 512 | Recent Size: 81408
model ans: the word "yellow".














ans: FLyQCPRq0hSAUMhQPLS8XVCcShLrnl5L2Fzccgkjm0xpxBaAsUNOlHCYLhBR-2YekTBeiW_GY7d7sqf_E4jH5M8X8EYKeL4vgKdIyO5SV6XR8G18vMq8xNB7MHoQqpNCfCWB5RAGcIpSB7s-BpJIKzW9xZoM4ISOyDLnqXokTN593uqXkfe_DJG-TBpClYAeSqimKBl0mXrgslm0Yr8DhOOky9Kr2lBohUJTlHnav7wea9oIh5AsV9Z5AHPtLYA3
False
Cached Size: 81920 | Start Size: 512 | Recent Size: 81408
model ans: the last sentence in the documen
ans: GkVMivX9VgyVaFLEpHsyo7aYh4-UQgO4QSWkTmThPDDHCgF3PBLFiDl44MMaR1hje5RQU24LZLGC0M08vD7J-FighklztkF7wUsbxRY6ZORv51GERjutvsXoYBCb72pChqWfXbJujn-xbuzFm0-FpVksPXAF216TOGYZEA47XGlXBVwwqUBMjCFF-5p6P2OWlMpWrI8DO2shZnES5sWgCq9CVY08jr97KZ9EvGJKnrYOzqb11xfK6_CeSM0DC7ed
False
Cached Size: 81920 | Start Size: 512 | Recent Size: 81408
model ans: the last sentence. The grass is 
ans: gzvVLc2EofjUrXb3vmUsjKO4KmkVi55NXb80Jek0XxJspaAOLaDPQdqMN3M6ATk2iqoNXceBluOVjnIYoErIJY8ck6xPVRlvan_7y1wDZJuqNtCPDijijIXu9vvsM6DXLyd63AXjotDRRs6vVwYJqD6TlFhQ6iXaThK5y3cn951TIsMf6G7qaFWgxtDuInjTcsf09oSOEg5g_TBC2xZQ8BtXai7gG7fBjxjOHhoDhLXnXkzLRlJMiO0f7-Hf-_h_
False
Cached Size: 81920 | Start Size: 512 | Recent Size: 81408
model ans: the key to the pass.












ans: RT6m6BiW8x7T3dA0VQBIHrbunRDkWj79Zluxljf7EQ21K3JyjbKjzPD509uOz8g_8QQWg9jc3ATWbgQMR2r2fyF1gIn4dQspKqst4bB4VPwaBFs1vgP15KdSSvAuq0sAAxx0gAylyzNsTpoIZK4pgkNoZoMmYZY5EUojx1wtf3KnJBlZrupidnkSFHuKlxX38Yx7UL9yLErn0CJsA7IKqjJx4sQpe2RhTnjmQc-dPApiJfMuPkOtU1_HdURR6pub
False
Cached Size: 81920 | Start Size: 512 | Recent Size: 81408
model ans: the key that opens the door.




ans: yxFE_4kq2A3Ht029UpMbNlL0J5yHtfsaRqrGqXk9yH2vNVwRdmOzJFYVZtKB5fuXV6M6KhvCJJFpVeSo-jM2jkCPAupIeqawqR31JXapg9pDSa1ct8oaiIiOWdY-rLmSQn0RxW1Wx6f6ODXJA_gAZQBbCRZEwnKsGIJgGDEQ8Mbi-B2z13SXyigKl2NpOQdtsSaGQcR-GLuH7iiuDgrMaQ7KNqvx5lFWAjGe_YaztDhMtSfS6RmY-zRtCk3eGGKR
False
Cached Size: 81920 | Start Size: 512 | Recent Size: 81408
model ans: the last sentence.
There and bac
ans: 2CABB_ekYp4SFq9gpsBuxySpcqyXyBkpIPEbOOh_pYnrjCSl6WLrtz-vMkqa1jwyPGBJETzB4prZFL_4Ocy6vQnDIUk1La4zLR_ZhgY38z84Elj_SfUW3McgDrZeN1Lp5TJ1OLCIuB6EUFHycxpr_XxYDFvF2GtiPaLg1g6RdxGYSbdLaAO3sN5Ad2nQO1CB_FKBlwyv6KQaTudsw8BHTuNJ-L-Cp2xzmatO0CkS84h1N0D5GNF73x-oNF9KZ081
False
Cached Size: 81920 | Start Size: 512 | Recent Size: 81408
model ans: the word "yellow".














ans: oo1Di0vi08XbYg7DUwYxjqoAjvOam7Msk5mkopOqOxnJKhN5173pmEI5UI028conIUDGUAjIWZy2ZHiGnMC0R6V3sJlUghrAaUkvesTVUCBCd-JF-TpDoO8FtPSBu7fZiN5pBsiy1jk17Ih8lxylekf-jlYb_0NM-6tGU8nOpl2nE3FV1EBxZI0RkHj_b2m4PLve9KMcTYqN0RBuI6dMhOsYgjmxh3JX-35eovLZLh_wFCROtReZKOpo3gc0yJ5g
False
Cached Size: 81920 | Start Size: 512 | Recent Size: 81408
model ans: the last sentence in the documen
ans: C-I8Vv-36fLCnQRNQ1jiY9OBGgtyiuov0X_3su4kcIG6z-tUnEdgS0pUkFo0iIhlhQgxMKT5YT1KIu442alm4WtC4RP2MtLjanWcrURyu13A0HDFB9pReBT1LQflCRYplZ9CDW1yYoevjBxSpRjIVQxAbAJbEc18XyXjKQONQpwCSqR76c2969ajGFRL0-VzTdwfcaQPHaRSoADCQDDPGetsovo-SqjXohq6cd4h43k3rTMnpNPnwia6CGr7TyEP
False
Cached Size: 81920 | Start Size: 512 | Recent Size: 81408
model ans: the last sentence in the documen
ans: MP_nN3OzfJHKHvdPLvYEiWN-6bPb3r3qQMriiaFifnOLKyGBC4P8r3c8S3E6beXxj26eH4lTplwSXhdk2WiSb3tSdS21khoZ_Qe6HdViLKWx-0Netiw0-0PNN3YDoOMzveXUUwJR2XTcKhpt-Lrnu2Mj7-in47y4tt8G7AvCQiomMUO01TZqLsg7oZzC33q_xAjxxvG9f-xvYcwPkUAouWRAqUEb5XTy3ufBBfxbRQc7m_g5TB7YnQnIe-un_s1L
False
Cached Size: 81920 | Start Size: 512 | Recent Size: 81408
model ans: the key that opens the door.




ans: OXSD0pxUaNH2OaAAerPKlioU8s7mPst8URrdqGiUpesYvCfj6v0Uz28mB7CYbMUmqHKnF5VzPzHnHv8vpL0s7_et0V00y6mWkcCJylM6SfzD1edKVG9HfT7V1Cz5yQIKHAMUumWlcB76vyP4_jbW4i5SCA3Eulf8MEkWNid2cCDTOnDPZYuCHAqHTHxkRZ8GuhKgmeCPplSl54S3ydBkPQapscvoXVchmXWrFqe_W-6X-FXsaoM6wRG6z27jl1Iz
False
Cached Size: 81920 | Start Size: 512 | Recent Size: 81408
model ans: the key to the pass.












ans: IcHzm8EanB5rHOIYGm0dXuW2mdNPLxDY5-l59UM5-vke0FFsyi5b0RKVJFFcxoSc9UDG55fmJB172_If4Tnf-fpBcIgQ5nqBztu-bRxO5Od-iQeu1OSfhKEXd0U3UNL28HeN7wHPeF6NMZigUNg-mWSofescJfUdU8itDEPewQxHWR8hkLwFqEbVOR1GbZbVuSazM3Nsa1PqOtnNUYj21qz59ylYzT7b-iEGDqQ8-1tsPXtjCI3qoQKMQJEjndYE
False
Cached Size: 81920 | Start Size: 512 | Recent Size: 81408
model ans: the last sentence in the documen
ans: PUTsiJTumWt-CWA63wE08MmKJyRE71fSGFRyvVOUgQtzPs4sF9YmAgKbsAWRSdYY6ZOdj9hPUU7FEv_Lri5-sPKoG3lgW7sNU2ZfFNil1vjpIlre5k2OsxWt3oefMyMSdComGy60_s98V-AqR4K2FcMB0eFnxRHlD8X4qBj0xhCqYX4CzJSyExFb0HFe-T5U8P1uXVitP8mLaUJnkyAHMI-AL1qVT7zJMr1dcz0qg80MIqp5wCZDEiIlF1Iv5046
False
Cached Size: 81920 | Start Size: 512 | Recent Size: 81408
model ans: the last sentence in the documen
ans: l9YUFx_5Ymm4HbjyY_oOVSGHdI9ZZOSf3guyIZwyvh2C6NNdzAVPyq3bnqzAIqUNoWSjvU9hrFYKeBcuVT9F9l3Nsmt16MI_LBFu92TyNWvP-JkYMlRQIa_ynZtsDtnRJhSS7T3EKbFBHSqVx-O7zberjC7P8uSDzLztk85HI4i6Bz2d5QbM8PND39WQM6wGuA8yQ2TSWKReunNIIq71H-3eoGTFarKFRYC96DY2L2e00ZEIdk1MCHePvwwIa-q0
False
Cached Size: 81920 | Start Size: 512 | Recent Size: 81408
model ans: the word "here".
















ans: LVe7qmKuxXXrZI5nhWsSRVtuFIOP9UEYfozMiWfF_u380QuzRUnZxrjXy6ZF56akHQDmP3Wci77tQaYg8dG1AawTNnI5WHSwn9l5bBF8m0v5ZkkoAbxYX-UpNg1y5D50XXBscFOmozmTA8hzXWpnQyJEp_6JAx_9yb4attFsOTUoYdKQbrzKFw6bJKsvmqvfqR7R7NA35zdhMAE8hbvLLY1pHWsNouu9R6eLN42IYgGDV7II013V5ZTRrWy96mL7
False
Cached Size: 81920 | Start Size: 512 | Recent Size: 81408
model ans: the last sentence.
There and bac
ans: 0vcPMpLRdv0GRbUNl8L84bGnjNZs65SBSWXEXpbqwe8eaSZXcC3AzYLYfRjAIZJUtcvGUgzodgnRd3EZ9SoquJXomYO66W_2Aeb0qIFniSVQtg8i_TMbeQdABE2zmRPEmdv7UWdf-PnkSUTRXLRVEZ26gWJWOixAg5RHii3JJxVaJpq7hZ-qN3K0_vM6b6axHa_fHhUlPMaaEav9BSMkpFo6CvZjW2ufj-g90-0MbFDG6kdxKPRBmhYVIXlex0Ga
False
Cached Size: 81920 | Start Size: 512 | Recent Size: 81408
model ans: the word "here".
















ans: kTLIxX3Nh0XVUELjcHhyi_RRLmTwhWmc_znfF2nG-LKr8daPu5CYDH0ptUxtHBTSIiYrgPyoc4PMtgGC1AiTFYIn1FOmOrv02P7ibtV5sgmt9LCayzyR5gXgZxNPW637_ljdDk5iEcr86oVMEB0jVAC0vxhNFyrqobxZcJ_tbA-rZE3DlPmo6TwEu_ka6rJrhNo9N1FNUrP_Ro3m8-pVnuGhvEfpM2nCA8TCm-ne_NGluNb5Xmww_jnQ7FqKf0MB
False
Cached Size: 81920 | Start Size: 512 | Recent Size: 81408
model ans: the last sentence.
There and bac
ans: 5cT0lxxzDx7CYbuv50rw49s6I8e467OMcgAZTsYoW3HczAyI_NVQBZ52CzTwYgOfJNLT1hVeg2BfeTC7uKBL1dnLJ0IXIaeDJ8xPWb18ncGzexyop0eleCesQsUORuKy9vkdNhjMms_Bb_PqnV7sACuSY4kSf1BMImQsaUJ8zUKfRrpPc-bP_s1x7S6MM0J4ObAIL5_3OMZNfQSWwV7VeeakVFWOTD6gCjWDOrMjB_1r8A72lZthKZ9PTua-kYvn
False
Cached Size: 81920 | Start Size: 512 | Recent Size: 81408
model ans: the key that opens the door.




ans: K7sHrs2xx86iNWB3CTGwTYb5zQblRxpds0zrwSo7KcsEpmIZMFl6cx4nR10uEORMTvhFBAEVmN6r3k-Ny4kCB-gn7m43F2rlyl8B-51iicN-KjBJfuWVm06wwRYWIiSeval6haeiMeU9iWB5iQqnB9m_GgWUdj1PtK5JRH-x7I_DFkdOt6soIKO6SmpQ5lHQ7XxgryUBlbgKuXBtj8eIcSu1_MR--mP9sXbH2m5tOsNV6fZInJeQDk3za4P3D4cb
False
Cached Size: 81920 | Start Size: 512 | Recent Size: 81408
model ans: the key that opens the door.




ans: UJvR2u8L8Bqr4BjlyFpouTBr4ckb6yCbszOrjYmBoq-nIc1nhL59WRpL2aknbB9krEqEJLna3GChwSmdOTJkNCvf8hcdTGAbhTXlQpdMf-eCSeqNfHH4y9UygycTUL-uFNx0OH3xR_PaNEuDSB_Doffhj-qBpWsnrd38XLTbwtNmlcEJJd9gbqZrl5xE9KelXn8QynX_ojZN2Xd3woIKvZd0kY50W5ymM9sTKvt1APb7Z6vazwZncJArnKmjpWtX
False
Cached Size: 81920 | Start Size: 512 | Recent Size: 81408
model ans: the key to the pass.












ans: RkZ-IYpbRQaM81l_OZBA4q4hjgWCjfD_6uedJsdltAD9DTasAK4lt1tkaOlW05YKhCGwKT6ucYZTb1tJHhL3L_kv6EK1GPee0DnOx_Qa7nNzbpJNx2B-pEf7C6NRZSLSryZsasejj4kWC5HNmQb2mVPpS0pweHSU3GbHNX13W_1jhW4QYTXNxm28yn-TohpnDzUuJDvg0QlSRqn_PIyOi7dAJhWakpg9fnOyZ8o0MRk0oRIAfGGbkHP2jYfiBfHR
False
Cached Size: 81920 | Start Size: 512 | Recent Size: 81408
model ans: the last sentence in the documen
ans: T0sozhwiPoT4oDdhyy01-mDfZgQGE7_D63_ekaXQtUQewh0mjL1139veD3mMhjDpOA37E991pbbSGM1bIlRlwia24ZIoObHVH1LkGGthjrGyM969DLWqRNP18ushEawpegKWGA2d9Sv3jT7wNF1vmY5eEfC8wAeMr4haTo3PRh0s12Obu4GR6byGyQBRywsFXjEEW--0RwjmkQcoq-zjR9HXKIGD9eb0KJsauztGrsvy4JAu_4XmP0O7sBICGD4m
False
Cached Size: 81920 | Start Size: 512 | Recent Size: 81408
model ans: the word "yellow".














ans: _znIzAzSVd-2Y-3ICBbigkM_KYyxDTIU9aEwZY1SFJYclNFW6JDbzbAwYlzXHtP5QBAxDkjejArpNtbFBs61FjviU99gfJz4ECdLXIvEogUms6JJNNHO2_Adj1ZJbv6myF9rAsYsIxf_yoTh-hzLrmGXRD5w1gqKtH-zUhuRM766AlyMQr9dh-wj5aFoHIr_tNdfMWyDdH-UJINCar6VMydUhwd9sIEb2ddtIwbDWKDO5BMd5zJOPbC1g7ca3rex
False
Cached Size: 81920 | Start Size: 512 | Recent Size: 81408
model ans: the last sentence in the documen
ans: 4ZfNrE_QLBC40NMBi7RYyMniWb3N517Em2tHMOfIobBZgnbjfMEirum_7TFzbOEwQHOdfWjCSw5nPyJUTKJCmR8SKyGGdP03KAPdfD3iHMaawH8U_8KoOHYcOtUWF6rmtXreVTRd1CHBl6siIKktlpcbaFPwHO2dPMhywUjCGOoOKof8dpw39L3H2ED-8M1kCmYba_N4uFecmAwFicw4WTsg-1vlB_zwfqUn9yuJ83u4bso7EFFJpYzYKra9iAid
False
Cached Size: 81920 | Start Size: 512 | Recent Size: 81408
model ans: the key that opens the door.




ans: DA3-nPv-P724SyYvFH9DsWfJ2f9o-FxfR4hQgdpor9J_5gFdCojJJddAh_u08MqMJ5fgR_prTzcQWG-4bjwT0y1PPB76ycxlLLnNBZ66MurRRWbbN7Jv37I0bS1aZzT9fEMWj0gkHl3xhYqObeemB3BBRViL1psbxtuz5zYP9t_9k8uXcCowfAKZBgD9tnbSWO4L1Y6sxTP6m7pp4099hsS0BcLSn5-t-AraqnThbKn5pTCd1XWiTeY-Rb-YaMEv
False
Cached Size: 81920 | Start Size: 512 | Recent Size: 81408
model ans: the last sentence in the documen
ans: C0WV1GZO3mXfJjMSU6T9fCsHfvlrGI0neeGd3ZZ50T8pPu3CM8khhgobAgtjBrimuJZwiU2VjbTNIFsx7D6LkjYazx0HwaDyayp055jesB4QY5j8g9PkSG6WmtVTde4AnXpjAuAXTpoVls27kj6wbIVcil3ZlgRDYKl3wruv7FyegaRrWHING-i7qgH2h_gkeAjqGgdCMEsiKD-ihowK6peY7Y4mOofdbaYYlMRhKA_ITc9wby_vJe83l5LZoE0c
False
Cached Size: 81920 | Start Size: 512 | Recent Size: 81408
model ans: the last sentence in the documen
ans: 1wAf_06E_nsDWzuhL6CK6j_8pjSBgWw6KTPwW4gYXTMMLRIiKKHXOmG1v2k9eXaOrcYzDe7TkCJI8GEYOC1kGOfDUn0-MrUA0LJSh2BHTIyKzceE5ASVLAoBFfunX-pR2QjzOornetZ1HMUq2tUW35XdsQKvOY2fNdZIQrI2FZ-7cXrY0srIDOcq43Jz7XfLIbmwhSA6Ccg-mfqu9ekGTsU4wl3fdSN9hhZy3cOhvo2ryv8Upgeb25RXMWC8wHve
False
Cached Size: 81920 | Start Size: 512 | Recent Size: 81408
model ans: the word "here."
















ans: UtILUOr59R79Jn8TViGHa6VC8dwfibtb1cWNyZblFE0v7P9RKerPT9Wrv_sLrW6bKNdA3Ity4eAVhKqbg0hOdkSmyehNZEWQm8gDjgM3Qq0gqRgO4sEWZw0ssY0T7YUSoFWd45bZVsSZvtGvSoKw7aiYWfpO80vTMybiTrP3_EuDwWjmOO3NEoI2heY6p5VE6u_APgbZ6aFhMC2NpZcPvSBMh3cbBmyjRRluKnEucMOtDXAV3fyfus3_UiIMw6Sk
False
Cached Size: 81920 | Start Size: 512 | Recent Size: 81408
model ans: the last sentence. The grass is 
ans: 8bffuBa7VlTTB5bkq29uMTijfXqcZ7S_7NzlCAsWGhlP_Fck1EsYcf4N7A0H8LRTBrwA_02WCBRpvCX8VswoRRDw4r30EmuJwmEA5jnH9GlhHG8Bq0Amf0u212tqNmkEstu2osMRgqL0byyLZmOBosHFU3D_4NAGnS8_rOMEFlurq4FeNppmZgVBtxyYX7rMZeYGsU2gxgIiVbKDsYyK1vIh9r5jFnMk-hZPN92Mq1ZlfWyjziY-KF8nit8p0R0h
False
Cached Size: 81920 | Start Size: 512 | Recent Size: 81408
model ans: the last sentence. The grass is 
ans: HGhmN351h876G6-_4c44tioRtC2flIkBjM8-_viw0xHDSCBJHBOsBEPmyTp1A2nTSCVYgCHTnRmRA9HguOE_E_aCh6lz6313haj6UTo-xeSEDw_n7YMcKCTKh3aUtwhGJrWgR0Ayy4ZbiFEjTmEJMpaJzVAx5XLGY88UwYUlzoMbJBGB4GQQYg-OC02VIa1jUCsugzXXJL9wV2IKvcenlws8LXfehrxaDggvZKQzSp9pM4iggieIKzIR9Q--ury1
False
Cached Size: 81920 | Start Size: 512 | Recent Size: 81408
model ans: the word "here."
















ans: jnREmFSt6mlmcGChqpHKboMCXcG7eF5CXDA3jH5ffEuyrvNyBgCLbq1L9yVaXwZIXEVMucAEhG7Zfd2vmYUfuGa1QB2CDUAKS-YmYM2WvK2Z0sPsviVc8Xkl1ipff5o6mjzdo-Mp-a2aT31m_-rUeo2DC6YrJgO9MoyXEmjTaXhGxciHjGwsoHWW4mhAGaMRG0xU6tYMaTKPYeJ6W4qlA4PICzXzd-7pqv__0RIgsAXmc3pCkOZIBidoC7vIpDlh
False
Cached Size: 81920 | Start Size: 512 | Recent Size: 81408
model ans: the word "pass."
















ans: RW6_GkhVZKrh5WEO-fh0O-qKFzQKf0ifO8hh13qrmMrPXFeuKNJ0Z2L3Vo4BmZF4gUgDHF84APUQBbxCBCpibgDwY4yQAW1AGIspgDKJZbPOA--wL9fObvRDfP844S89ZpDVv9mQvYzaZJFxRBcgaes6XrEvtzPgRR62jmSq4OT4PA6k27LG3hm3ukAV_lD2N1su463yNGjLjKajRYAefKfv9mzbhZh7cf-L05LohKX4-ju8cs8KAd3dERGWi64t
False
Cached Size: 81920 | Start Size: 512 | Recent Size: 81408
model ans: the word "here."
















ans: jDcqXNBy_miGTQTseRR8Mya9l9tzzNdBL-nEywITUDJvFhAbLdOCqcL1IGtpbMdlrhYootUz8y3NO38RbN8r6djMBRxF1oahuTkG4yLvAwxAkL5nbqUHpTTqGaO9knqS88le105SK_nOhLc784okbjEaS08lfE6KaBd1nT3hK_l4E4RWNW0doXEOiNiJzofSqtBAjmcauj9lhrACrVbqR7ySl2LMgy3k9D0t1RkpfqCgASw2WeF_hhdK6eUcQC26
False
Cached Size: 81920 | Start Size: 512 | Recent Size: 81408
model ans: the key that opens the door to t
ans: 8aI8EyGCgs-yjq4z2BZQ2o0zijRX0UzwPlFmzI8iJqCLK39Gck1mW9Z4iNhjPVcWLhlFcSLwkH0VcjcaHs90WuNALwZN3lj3oVQJYrKdul3mI-VLd8pWSNSS-QTCOcPiKi9idHqvpS7oqA08W01yW0Kbk5vKxLKGP5O2qSz5qIugqZlgk1cFtYxtHQQUGyVBk3R4M3NZIwP9p-hmdMTzvJN7dBUfEvVfGhCflnDnPexxDTMVYXJjd9gw7hMmXB-F
False
Cached Size: 81920 | Start Size: 512 | Recent Size: 81408
model ans: the word "yellow".














ans: OKSDRpdgNFlBnpbjITkQ1PjR7CBPUBG6Iz5SHzur0qipGWkJf4-P0HJYq9ahpuRqP1FB9SwyXGvpBTVAmXO6qjD4NQe2Wc9M-Bkd_ei4SVFTxq_tB3UfM_u_bmuPcbjKw0ezR96DLjt-s9ZeGs9gx0ZqkN2AQYsJCrMp2pNTzdAsBf-CHXS66Ly6beQtdbMeECGq4t2LYDF7oZbzM5noP5srk1ngWCt9b8gme2Tba3yV55RywMOUie0kohNPJV7N
False
Cached Size: 81920 | Start Size: 512 | Recent Size: 81408
model ans: the key that opens the door.




ans: UA6-kSnTPw7-qd-iP3u1iOpvVjLWDTQDfgiYjsZU657SgqyQstpegt8_gXU90AeJOHx72V9tRX16c4m54QSBs3ykGkO13KfsMdcLHBJi-BTUTQCh4bfIG6HpDCKPisshHx_-3SV6Q1meUVPEknAmA6m-3pHRFdus4j-StrT0kVGEHqOieKLb0Wmp4d8jrmS8o2xFo8rH67NCHECkIfNBetu4PEifTMsFSPDAkFhevxGxMM_C3DAJF8zhvxCsrvdC
False
Cached Size: 81920 | Start Size: 512 | Recent Size: 81408
model ans: the word "here."
















ans: ECkcXH_Id3VqHkilUMcaZ-6ChHl0Lfmgktcf7rD7tFgiTTcydWHz2e_CuMOwWPng2WB2Lbfe5G3cyLm9ZAO6p65pxPnC6u_7w3ppsueiskfjxZXvcHyt_p8ARLI_7Bu2BkT-VXHjOVzfU7yBfvDLDMXbDS1bfq5lgCQP0HIoM8zj-K8Z87lduxNRz74r54rt9pCoY5HUms5PWL56l84MWdoJ3GW5MlaRfPs261SjY9QQ1z5KKV1DZUhR-4YDq2Nd
False
Cached Size: 81920 | Start Size: 512 | Recent Size: 81408
model ans: the word "yellow".














ans: VxQR65GNKkO2uwmr9gY_fFX1fUWTwKJpKDbEZ_HMulcx7HJyUFv9qow7QVhyQIav8PPv8JI7TAiXRxk_JFCatbTYk7vnFZFHeC6vK1DHyeYPKlCafQK9GgP84_bi36gUCXN1M4Mm1V7bW1yI91yCophc55tXPIPCgqZEFwQwfEc2DpwnZ-LCK41_h2nYdCv3yOSSzPCYrFQcY1e2oekg8JtaeiS7QE1z_90qvvpC6sh6S3YqJ_k9Usa_r8zRhG0c
False
Cached Size: 81920 | Start Size: 512 | Recent Size: 81408
model ans: 3V63RAWTqktpLzRS_ypmCmrUmngHVD-R
ans: 3V63RAWTqktpLzRS_ypmCmrUmngHVD-RooxenshSpnVuAHGM2bhRQ5ZcaS5YJhJdKOFU03OKbinYCgFexqbmFntJk5dEAxAUhbTLCbqvBNiDV4j--70xrRnYlfidEhZD09QbymTJvYD3BVN4QuQDScfWYgUe5U-XYseMik74xkAFGuI8GMFvytbOHQIpFYC3UPWL2JI1GH5sIRHijHQQXXb8GglVbyBEQRiTo8G1AEVGyganj52Cwciwah7c427d
True
Cached Size: 81920 | Start Size: 512 | Recent Size: 81408
model ans: wuznGrL3GSZU33ZxurHLo0nMtW09GU6d
ans: wuznGrL3GSZU33ZxurHLo0nMtW09GU6dOntL5B42c6dQ83ByQIQLzAc9vB_ToNu2TPScviLNZ6PiECPnV1SvrEfol3c37tQIQkypnxWU8acwRtLyMB0168GVinX25IgATQSPXr4-jb7a8rgmXvszG6QdOrJUM2rRCI_UdlbfbtdfCsn-t0klF8kly8ou2gpIBNSnnXHY-j3YR0qG3t5WfKrmDEUunWjYdvnthJvGspwAlWzuM6ZFb4u_27XsDufs
True
Cached Size: 81920 | Start Size: 512 | Recent Size: 81408
model ans: 9w1PBBy7r34krkYIzqGLnEKfmHko4NAQ
ans: 9w1PBBy7r34krkYIzqGLnEKfmHko4NAQySIBoJN1B5uSULZ4HbV1vAFTfQmEkWzvQcc5ly3yhUkHGmhrETq5TOd6aOC7Rx3u8ZVdhHABW4FBHKeNL9svOWAHg2lcUF4zNmycKu8jwXCYm0jJHf6smU1ZYcqUcGgzstRsnZM1tjll-EB1h6ebILDAiVNNcwNoEGy2BxkHAjijHwFi5Ad_EwE7YcfBk2ETR9AIkSSArs2TX9BEzA5uC31e09nofFZy
True
Cached Size: 81920 | Start Size: 512 | Recent Size: 81408
model ans: zsffsCvJ6tgyYDNaBQXCOvqOTm-uOjmL
ans: zsffsCvJ6tgyYDNaBQXKXCOvqOTm-uOjmLuNgQSEzALqZ01EWhN5euW_bbdfDz9WdqYB8lbJuOclEkjNUI5PsAB6WFDFaViGvfff5pfeTC7Q0uC9ZloDbVM8LAzZ65mYgATz6e2VCiN-tiviOkJ9JE_bGmOAPge5InQiQ5NPcNHQnq5ySqVdI5ElWnL-Sq-oPUdAdwci6RrsEQ3-TYnxrhZo7tKFH9fGu1daYRRfU7p1LYtBaaiZ1q-BkPnDcATf
False
Cached Size: 81920 | Start Size: 512 | Recent Size: 81408
model ans: pwXqG1ohtZjRK2mBfAnHkRZl2UZg2TvQ
ans: pwXqG1ohtZjRK2mBfAnHkRZl2UZg2TvQyEFCkhFtDNFb3HSjOlzNQQYW31x3eBL8EFAvytMn6eq8iqPrLQNXz3cUEa8lFLeC4p00RmWSL7QUAm8xbzxZhsAFw4p6-2Yw8uVlpQA7eOJsqcP_F2ATPWG7V9dB2hEpLHwlDOP4GERbbr0lGEGPphmdoeBmk465FdSJidn4hSHfjSCvHNxkxEimq8t1wwCy5AFbZQh8iOGm0UFNNyBYoqY66gYuCL75
True
Cached Size: 81920 | Start Size: 512 | Recent Size: 81408
model ans: XBhUJLHko6PAiQ1hAC3e1WerJKiCWlw6
ans: XBhUJLHgko6PAiQ1hAC3e1WerJKiCWlw6GSikJxCHsTbt-zby93dh1sAFf4BZMA-uO2dHKGsVZ1T-ycyJITFWgeXqosQnE2I5zB5yF4Urb44n8VhrY1nwOQXToEsRuuDR8SEg83l10Aque8sF_alCeYDGrTxNg69cXz5bbao5eNjMuZFbVkonymkVySJ_og2Gq-d11HSunkm8IJ6k1c-Pu1ihs7yZYXGHJ8Amk88triDLxY9WUzwoGadsOaMf55B
False
Cached Size: 81920 | Start Size: 512 | Recent Size: 81408
model ans: Gs9QcV6F5rsAulJgKQHxi0J0ELS_v4uN
ans: Gs9QcV6F5rsAulJgkKQHxi0J0ELS_v4uN1sIvoUZnEq5CXljZpc6DF7Gi0RjsY2yIQ4Yc3DLZb03FNvSCGAC4KYv6qmMS2VzK1Um4q_oCaCFp2jIyKKad0zc5YN6W9FI827TCwtRKrQGPR2OmKs1n60ELRY11ybxk1ZiN8uLN2MvRIqqTQyB2uI4BokveWcozsKn2g9tnpogM3ZDLsnmEtO3yLPPzjcMKYnwthU-7rYAJtfBeVVLfyCXiW8v6DIL
False
Cached Size: 81920 | Start Size: 512 | Recent Size: 81408
model ans: tTVA4waoIv1MLTHrtif-JWc0rSBCt72j
ans: tTVA4waoIv1MLTHrtif-JWc0rSBCt72j1fFZUwEJN5FeFeQFFA5QcVccSIxbJP776tESkfe5bQiVAsLA7fqShvMaqCelJIK-SSp9FfRBunxPQ3b0MBDUx0_cZfXNewWOFLbLJG727BSnVQchoGFlS0lmYGO-RjTXOmhFfQqJUK4VK1oA61Nw6PNJ7mlKoYp0rOYZCJo4F589_IRjAwvm-NIvQesBFDsv7rc378BBsna6LKUIF_wT_ztLee0EIF6j
True
Cached Size: 81920 | Start Size: 512 | Recent Size: 81408
model ans: DmjqG1ZPTOWbO1u12Iv2DgqQEApvyN_C
ans: DmjqG1ZPTOWbO1u12Iv2DgqQEApvyN_C0XmGAcOlR_e9tlqB6tboDE57BOTtB1IyNohFby5jsYM4XkrIiSjsuu7hZ_mt1KyUQgDzvspNPk-8vTWW90AI0U3frUKaA82TDQQmM6Zd3TmdgK0F-ZzhqvuQo7L1L0ERpgnwiKAH1LdqlM5XVbzeiec5mHmZlNmOcfpgAcESPqIlTXn7DrmK5TzuxlrDwhNBfDw0JXkgnmRtgFCo_-8SDsVNEDX66L-d
True
Cached Size: 81920 | Start Size: 512 | Recent Size: 81408
model ans: Ysdzu7dIL0oOpA5pt2XqpqnGsboPP6gy
ans: Ysdzu7dIL0oOpA5pt2XqpqnGsboPP6gynDxKFZVFyZuBfhQ3K42h9QapgbCMMehbbdsgK3Iob5BhQvRtLDAi7KyNG6g0k_nQAt17G0nPz9pj4MgrpFhoS8AaXeZfPZRw4tNkSIX0SBe3HhnayyF_L7I6p63xnBGHk7csEzrNQFOQjiHEaggzVMYOErTcmZs7Rq0qxxNTvy10HRx_9O2dGQr8wxljOEuoeNzaYhhhkDL1nfSrFJ2gwnoin3rU18WO
True
Cached Size: 81920 | Start Size: 512 | Recent Size: 81408
model ans: bALRzPFriMCVMgCRrBpDPaOw9zAAUsuA
ans: bALRzPFriMCVMgCRrBpDPaOw9zAAUsuAb-tSLSgiQdIHErPhMAsU_Kh6e9_F99NvgroiI5mxTg-ZRHB249rhjz3TmFiURDIGV0u3x4oTLwIynJRAd0Tpwrn7qAYuGVCANlYmNqhfEG54beBew8vaPlOW2dKagmjjlz80uo84L6-cCWAJDoRig_nb9XVRgRD5RiZQ5iC46sGDE2nOgWr_lIYwmeoiAxTeXFVDzseS_wZLpEsNJUNw8tBMtuLl02Fr
True
Cached Size: 81920 | Start Size: 512 | Recent Size: 81408
model ans: Jtje-40wRAUkKRTAbd_4YkKalgNyHw3q
ans: Jtje-40wRAUkKRTAbd_4YkKalgNyHw3quwqDwGeYmbmPnk9aG5CxejJiux3tWp8VQFElU9bQF80b3aTpWMj9mFuyw2Oo8yphxC-4Q-_v8dQdpVjab7Fo8T_UccT8pTSs6pExZtlCwkDahaP-1FhpiBNgPwfO2JZ8UVXBbnj3aMU3vXIO_HQhroOm-RgvyVbaoBi8BtvLdOxadpGzVGNPXHe0Ps7ZaxrD_QVN9YW5MHYTmBD4ZNJDBeN9hLTwa5Jr
True
Cached Size: 81920 | Start Size: 512 | Recent Size: 81408
model ans: 941NP5aGJvoJASBO5hFHKqG7TnZ78A0d
ans: 941NP5aGJvoJaBSO5hFHKqG7TnZ78A0dcJBTAoNIugoRAG-xHL7UjWZNGK522l6pvZJZKTzJubZ4baPeikYxxpZs065UQ_8JhcUtM73VOxApPQrlzOMy57W5L7dOkyqt2GF67qYqJBMlwJPIkfulXC9chjs6ZJ6QMbZu_vEBYwS86edufbBFSiF5H4Thg_Gf-24xCpBuBmPaWT3M7DC6TtIY2tP3kzX0G4UIZbZghfB_rYIbp2HfdBm7yxLLUuOu
False
Cached Size: 81920 | Start Size: 512 | Recent Size: 81408
model ans: 84OsEqeSnPI5g_n15ABXf_I64BLRjjl1
ans: 84OsEqeSnPI5g_n15ABXf_I64BLRjjl1JgcepdlVyrIKPPzj2g7n4Dc2VJCbXJdZR1vX_OTQds4Z7K5DOwvacKtYQaONnyRnNlBclpbuKDppVB84vK4WkcmuHxEi-TbCCDu98odqMSmA4Up8qXF70fGUGstl-jFUsx9hLMQIHJPJ7IeMxNPL74p6UtyhP7EubjJtBMth0IV1Cmm-so-zLWrkHNNPZaSY1z4yOwGlPs4baKXO6c71WbHwp4d4wQnK
True
Cached Size: 81920 | Start Size: 512 | Recent Size: 81408
model ans: UZfjwFHOfliLNyDM6K-qdWNfgeZHuAbi
ans: UZfjwFHOfliLNyDM6K-qdWNfgeZHuAbiTn3LIjflqN10M12nFHQvF2OEPpaSfmupniNimr1WawnUuRm65AHRL_xBjIbOAqQ7rxmqcHWLmxnY9HeicMkQJUo9K-sqKmrVx4Ef9_kTATxSLzJZaqJaQcZyOb9E_2j303y20_Jo5RHQ5ucg7A0EVJzj-w2OeRkcl1gp11H9jgF_X3mZ51axNxoFnFec9OvbXVPz8QIV4CoQMLK1kzpqc6SwAHwx81-Q
True
Cached Size: 81920 | Start Size: 512 | Recent Size: 81408
model ans: w06UoqcEodtkIMeLpw2JKFhXNxfOYUHd
ans: w06UoqcEodtkIMeLpw2JKFhXNxfOYUHdeCZVAM7jj4FFGgV__MxcjtvcKw0HI9DPfLor3KWNOylRaLvNm22UaxJXhV0Y6CjQmVcDY0hIxxxdYX3QTnKYv8NZl5JqwcKARPcHQCm52NbSTAonRC9z0QIqBaZVwyRZ2vB7wG6-SIbAUhArbhsp9CnYttI56iIiPsTQHuutPfiFzPNxd3234ExpV2fhvQ3HAdpkc2Ac9K7KWEcvh2VVOuymRBv_F-Mu
True
Cached Size: 81920 | Start Size: 512 | Recent Size: 81408
model ans: sFg6ElyjnY-Wh3r20UtkUy3XWWL3Y7g2
ans: sFg6ElyjnY-Wh3r20UtkUy3XWWL3Y7g2cWhlv1fzHI9bJ19DUGDgCxR0E5ejqtA4UO3Um95ewH-Ma-7GElaBAGgsOYky2PvSRvKMi_Xwt_n70jPaqaHQeXBAQV7ZA-Wwama1M-MTQI_X5y7h37AwcbAaAztJCuhJKI6B6ETmn-fJKerCiL8_LtpDWj3jb439FRYWmOAYUpOBywTZbAR-T-RvjtGVfHWcXFkPVw9sH_xpGPKMyHpHxT9G1aNyMt1X
True
Cached Size: 81920 | Start Size: 512 | Recent Size: 81408
model ans: yLHo0GSFkGyiqq-Qr0AlNyVw0GTDAU30
ans: yLHo0GSFkGyiqq-Qr0AlNyVw0GTDAU30wRuL8Pd6E3Z2szc5idWH5tzLNp2u3J0Jn9QPyE4rMfDWKi5n3JHjrvIQ_o5BdHzaV7a4oC7iZ6nNGJKrQmsQnYL0OruksA-CbsPa54c50WCo6j3ZYGw5teUIKCvUgvrW7gUfReyWVYHD9oXEfGe1JQduaB6dv3UwLemxelyc2rKYax2wqKYFpgy87NehsqXYAwe-cfiq9SJVgdHY0T8WDDeWyrxvqE_3
True
Cached Size: 81920 | Start Size: 512 | Recent Size: 81408
model ans: 7Z_zySBV2sGGXSZ6tSZqrIEOL5T2HJ3r
ans: 7Z_zySBV2sGGXSZ6tSZzqrIEOL5T2HJ3rimYRo0TwK-HmBrtUbML0aLv4LIxKokHmlYhRFW9rYA8EFjE3qBKNPgVBlvX-KnK-sKtakOn-nJJhG6TffOXki7A0qyHpwi1d6YhbR39hdG0vkHqZU0vA2Cxt-8JRQb5FlEQ0aCGK058S5rrRPlZzxVzROSNjoxvtYqEtB3aYYm0IfAXt2wVZj-g_2pj32OOaMPrUjq3Z-55tJ7uDDOFgW4O5SUj2RBj
False
Cached Size: 81920 | Start Size: 512 | Recent Size: 81408
model ans: IFP4w_Bapvcjee42M_0vQ-A-spAX7QCw
ans: IFP4w_Bapvcjee42M_0vQ-A-spAX7QCwNWe9iVG6yQ7epTB78YaUmW5_mCRldL9pGr6ma2FUXhqcgdoOxX8fvb9t9oaZuiiJkrqTMuiM82GPXNB8UC12flLE8ktQu4POM90waIlJRP-q_BdmvwRV4b8-wk6pSnJTkYbJQWZx417f75xj_lnJpgGdZQvs0uAOcZQ4j6JNMrtiGjdyeB_yG4WDA0XEapo_bv8leUbGYAnjh1DKeHUCUHS7Gfp05np-
True
Cached Size: 81920 | Start Size: 512 | Recent Size: 81408
model ans: mekJ4PYWWBPDcDlRJMVn2-aA5cd-s0Et
ans: mekJ4PYWWBPDcDlRJMVn2-aA5cd-s0EtuYvVB_avEYF5sQNzmH-ziAL7dAR_kPShxtnEVsKztxKy_jXkYCXsQdaIiJIFbrNlksezhVKTmEt-Y-Ev62FUMkv8daAGbCWDPsAUGv638uV_o5LVXwZ7PxNaQCaUKbMp9zxbine6dWWqGSx-hn7Ch1dHr32sytTU_n817L8M5fn4oMk2X4nt5B8T1xJwJo9viUxj2uyNHIuKbZ1KHWsI92osVyAKd118
True
Cached Size: 81920 | Start Size: 512 | Recent Size: 81408
model ans: AL8gxhHcato6cBA7IextJ2wVYekKClf1
ans: AL8gxhHcato6cBA7IextJ2wVYekKClf129VWFUzIRr5QU6vUIjCo_GxlifDsJ7jKCJbaJI2T1C50cYFvjyaYZafMm8vYIv8hDnudVhPNdr2F64MM6YsXcbYaqd0UWm0K_r4o6fF32g4Mztw4eeN_qtWBmMJXKpWOOU4tNohxOQipM8AFyDAEls9zkvC2MsbShrrIUZzOWX8bfRNgN2QcM3cE5fenFy9OLGhzVxXRVDnaB4-j9HpGBd4Ks_WDcMdH
True
Cached Size: 81920 | Start Size: 512 | Recent Size: 81408
model ans: X1I3NQxZvEZQFw3aviydmNwwej9-jBjg
ans: X1I3NQxZvEZQFw3aviydmNwwej9-jBjgett6vtNgxK6ESUWuIOG31zktA9grCNLsCDfY-lULJpUWV5Z0lBxjO2Er_j8zYcoqB2LDPUT0vdQ2kjsZEao-MkHFYir5tqrJCbDcwXXzvaZxDJveVAHkSQAJ0FNW_nO4Sd_2qCmoIh5V1sdBhiOZLYDe7aIoB2QqO260mWk94wTzNUn0M1SMbC3uRJSuWWEbGbCqTJ1D-XlkwiOxlESk7SSi62JWrV8P
True
Cached Size: 81920 | Start Size: 512 | Recent Size: 81408
model ans: oSy95nHWAJ7BQR3OdfknePZe5ShZJe-q
ans: oSy95nHWAJ7BQR3OdfknePZe5ShZJe-qbW0Mg28lwYC9tLpWOJ0lLZ2xq8hZN0I8Z1hzKcEg8Z3EoXsSH-QRZ6S2xzS8J5V72i6avg8wVqzMrSkaJcdP7BNLk97E4wpKlAQBmTy9-zTJDnuiCgzdLPWgY4b2yifU2PG2aLwPy4_3k8FBzZrSGABqrK8rLZyqk6_OJWFE8hXr5BhO0anRzMAZxbIieqgmOw8CsBOKtMtBjx0RGIvArAdgRWpg94GF
True
Cached Size: 81920 | Start Size: 512 | Recent Size: 81408
model ans: MeJJ5kZyvD1Op3wBIbi8uV7LmMMTypQx
ans: MeJJ5kZyvD1Op3wBIbi8uV7LmMMTypQxXMa-1EPE5TYKtfx-CpVTPaDrstwKTdmGXYXrKxWrfVbmV_Ytu3doKPkjYpZxmRAcmZg-IfTtqfeCMdHqq2pqv_rXTEIDCnbiw0BX8IH5whoiYb7Zuc3Q9n0neLcGjH3rmunUnlNdtjfgiSebKbZ3Zoh4KMaBq4aaq9joYL2Fj5L7Pznw-CyM2vLcAGhOGHvojS3vm_ia54sdXza54as5Ch0Ymv9Iu_wt
True
Cached Size: 81920 | Start Size: 512 | Recent Size: 81408
model ans: s_vXBtSeq6zfx1tFpKge2GOY7C9PYxFa
ans: s_vXBtSeq6zfx1tFpKge2GOY7C9PYxFaaZl8J5pJUwZSKccjgb_yyzFdJ5PIbI1HhJvmlOKzkAtdMHxMYfeeexyO6tR4NnokLF1qYmq7rwpx1rb9BC9e20T1owOgypYNwqbrZRUd8Q8b5nub3fOf3ONydbgX4sj0UP0OUVAEgajDVVrYmqvW5NCc-4LGQI8SMsZ7eOlNa0xxY21XXS9Ue9JthCJB3i5gvVFcEAUylxpcA1yHE1BHj84ixDjgjDKv
True
Cached Size: 81920 | Start Size: 512 | Recent Size: 81408
model ans: ok68bLoGMG7tIYmx5SdFpo5pUOHmaxvN
ans: ok68bLoGMG7tIYmx5SdFpo5pUOHmaxvNRzoyeCzDGEEfwcIzbQtYmy-kuqe5ZAfMPKmBD2VgLZONMDGqmBBg_b6aYCvVnki-4JDRP-MQYKrA0umnHAVrUeCx48XGRaK5CyHMfSrBBnRvuRfCHrQ8n_JNrgLtjuIE6EKE_U0LEIWRIAesOBVzqmUoavO-Bbb1Dsz-sKFwq3xkVVJpmgQmk1iDrglyJiqXcNIBIfMWUACjjQ_SrLYCAQUvf-zbpCPL
True
Cached Size: 81920 | Start Size: 512 | Recent Size: 81408
model ans: 0w97YIuR32a2pSUv24t3_NJ2mzUY1kbX
ans: 0w97YIuR32a2pSUv24t3_NJ2mzUY1kbXzU9kpWaRoNfF7zKmUMw42ugVb8vryj-6hTPUl_6D7I6hmZZMLzkV-3d-_SgvrgyINOkorTY_cY-0pA6U1-Vv8nz32qU6roXkdXa19eOvCYsphBNgiVSHph9d3OChUyfDLgCIxa-PAt92h9KqGymCTxCazAz5Zu1d64sW-31-mJWm28zAuDFNPN4BCsRATootvUtCFnW3JvHgtkxFIM4jLl0-qM1fhdC2
True
Cached Size: 81920 | Start Size: 512 | Recent Size: 81408
model ans: wnE4F_mE_XagojFEvd2pqKyjcl3Gy68L
ans: 