added /home/hanshis/workspace/LongContextInfer to sys.path
Loading checkpoint shards:   0%|          | 0/2 [00:00<?, ?it/s]Loading checkpoint shards:  50%|█████     | 1/2 [00:02<00:02,  2.10s/it]Loading checkpoint shards: 100%|██████████| 2/2 [00:02<00:00,  1.33s/it]Loading checkpoint shards: 100%|██████████| 2/2 [00:02<00:00,  1.45s/it]
tokenized_prompts length: 100
Cached Size: 61440 | Start Size: 30720 | Recent Size: 30720
model ans: the sun is yellow.














ans: hCyeEvGw-o3WTZ3vwzmni-iDq-yyKJes
False
Cached Size: 61440 | Start Size: 30720 | Recent Size: 30720
model ans: the key to the pass.












ans: xjgyT4Ia0YDCPlxgrazoB3_pQbpn0vge
False
Cached Size: 61440 | Start Size: 30720 | Recent Size: 30720
model ans: the key to the pass.












ans: G5zboKmImiTVQNdbMo9WP5dn0nilX23c
False
Cached Size: 61440 | Start Size: 30720 | Recent Size: 30720
model ans: AWT-rPokEbn2B-kQ0-LS0-Ys0.






ans: AWT-rPokEbn2B8Jsbx-kQ0-LS0Jhjs4Y
False
Cached Size: 61440 | Start Size: 30720 | Recent Size: 30720
model ans: the grass.






















ans: coiRDt3MLSkrcB8Vpc6ppkmxRGKvcyWh
False
Cached Size: 61440 | Start Size: 30720 | Recent Size: 30720
model ans: the last sentence.














ans: Bu4bhlOqIViBdD2c4DOZZtmECO54E5hX
False
Cached Size: 61440 | Start Size: 30720 | Recent Size: 30720
model ans: the sun.
























ans: QwXbyqHemegkMXDn3H747_CZR4SXGLls
False
Cached Size: 61440 | Start Size: 30720 | Recent Size: 30720
model ans: the key to the pass.












ans: k1GPfebTKAFxJ9uBAk-4zvSbofxk1T1A
False
Cached Size: 61440 | Start Size: 30720 | Recent Size: 30720
model ans: WO3KJCnMsG6KauL8uHCY8t6L6m7t7CFY
ans: WO3kJCnMsG6_KauL8uHCYsd8tL6mT7CF
False
Cached Size: 61440 | Start Size: 30720 | Recent Size: 30720
model ans: the sun.
























ans: zAYfxs49hQVJ3z5ogsM8Widv_bp0dY3p
False
Cached Size: 61440 | Start Size: 30720 | Recent Size: 30720
model ans: q.






























ans: qYEGWkp6XMMXi0GCjPsDLK9RxAjpZAl_
False
Cached Size: 61440 | Start Size: 30720 | Recent Size: 30720
model ans: WtS2KedxoVumMP3DxuxWTSi9vBKXLU.

ans: WtS2KedxoVumMP3DxuxpwWTSi9vBKXLU
False
Cached Size: 61440 | Start Size: 30720 | Recent Size: 30720
model ans: gYwuuTedAz.





















ans: gYwuuTedAzbt2kDBO6TJJkoeiLoHXCzx
False
Cached Size: 61440 | Start Size: 30720 | Recent Size: 30720
model ans: iEbwpK0x-4IxL4eLgJ_XuxAeBbcyy.


ans: iEbwpK0x-4iXL_4CeLgJ_XuxAeBbcyyx
False
Cached Size: 61440 | Start Size: 30720 | Recent Size: 30720
model ans: o0bRadEre81ch32iGV4PQ.
There and
ans: o0bRadEre81ch32iGV4PYG2ufQPQak0S
False
Cached Size: 61440 | Start Size: 30720 | Recent Size: 30720
model ans: A8lsxzss09gm.



















ans: A8lsxzss0Q_9g7mSQFkgcJxX1OoX95-4
False
Cached Size: 61440 | Start Size: 30720 | Recent Size: 30720
model ans: the grass.






















ans: hJ2QyK_-PDWmag1BVNEu7uFuTAAOlJPs
False
Cached Size: 61440 | Start Size: 30720 | Recent Size: 30720
model ans: FcPpnk8BWaQPVnhn0JEE-nx4S444.



ans: FcPpnk8BwaQpPVnhnpOXm0JEE-nx4S54
False
Cached Size: 61440 | Start Size: 30720 | Recent Size: 30720
model ans: ckOChsOPiJSrfUysL6Eua0FZC.






ans: ckOChsOPiJSrfUysL6Eua0FZcYYtz32F
False
Cached Size: 61440 | Start Size: 30720 | Recent Size: 30720
model ans: C.






























ans: CviNFZZsFInv6TM-1-nwmZMGgxbaX7rL
False
Cached Size: 61440 | Start Size: 30720 | Recent Size: 30720
model ans: 94AC4BX-NYPKMNOLJDDCNR094AC4BX-N
ans: 9_4AC4Bx-nypkMfONNxljddCNrOuo370
False
Cached Size: 61440 | Start Size: 30720 | Recent Size: 30720
model ans: SwBSjf05W_O9wnraZwh2Yuu3AH3z.



ans: SwBSjf00Q5W_O9WnraZwh2YUu4f3AH3z
False
Cached Size: 61440 | Start Size: 30720 | Recent Size: 30720
model ans: zKL4HZFK0hjuUSNoEUmjwDGyaR6dzYd.
ans: zKL44HZFK0hjuUSNoeU_mjwDGyaR6dzY
False
Cached Size: 61440 | Start Size: 30720 | Recent Size: 30720
model ans: 0Gmwzy5EEm.





















ans: 0Gmwzy5EMpR1jEhHEInk-I8cACfGChUm
False
Cached Size: 61440 | Start Size: 30720 | Recent Size: 30720
model ans: By.





























ans: ByJiIqMIjEU3OY5MEdhahxFKgI7JQq6D
False
Cached Size: 61440 | Start Size: 30720 | Recent Size: 30720
model ans: the letter "S".

















ans: sWlxD3aOmMkEyPgeHxcxReAL1GOxvvEX
False
Cached Size: 61440 | Start Size: 30720 | Recent Size: 30720
model ans: q.






























ans: q4fCncYfVnnPDloiv5F90X5Lf7t4H_ve
False
Cached Size: 61440 | Start Size: 30720 | Recent Size: 30720
model ans: 9QF4fpuVGQB.




















ans: 9QF4fpuVtGQBBPBsuCzUV_TQpGo1sHxk
False
Cached Size: 61440 | Start Size: 30720 | Recent Size: 30720
model ans: 6SxzxXgblDAM.



















ans: 6SxzxXgblDGMiJrAMTATxl4DaCjUMlrj
False
Cached Size: 61440 | Start Size: 30720 | Recent Size: 30720
model ans: E1IKfBDMsSs.




















ans: E1IKfBDMzBsSbw7WszCh1QH0WB1Pm0Vg
False
Cached Size: 61440 | Start Size: 30720 | Recent Size: 30720
model ans: gn0wPn8x4s_mbepuEA.













ans: gn0wPN8X4fNSbepuEAqUZzWUs_pSo3-c
False
Cached Size: 61440 | Start Size: 30720 | Recent Size: 30720
model ans: y31Z5rMktdo4XrQEMzCLoFztKoFLoFzt
ans: y31Z5rMktxdo4XRQEMpeSXzrCzLoFztK
False
Cached Size: 61440 | Start Size: 30720 | Recent Size: 30720
model ans: v19ZrUdm5LceAhcf3QoDE1BebbFQN7rx
ans: v19ZrUdm5LceAhcf3QoDE1BebbFQN7rx
True
Cached Size: 61440 | Start Size: 30720 | Recent Size: 30720
model ans: ukRU4HcOoT981aBeN5sVY9UY5.






ans: ukRU4HcOoT9815aBeN5jGX10xsVY9UY5
False
Cached Size: 61440 | Start Size: 30720 | Recent Size: 30720
model ans: Bb-XBYGT1YbaEo4vXFJ6xZMlT3YRnU.

ans: Bb-XBYGT1YbaEo4vXfVFJ6xZMlT3YRnU
False
Cached Size: 61440 | Start Size: 30720 | Recent Size: 30720
model ans: AHr_cV_a9cWP1orV_a9cWP1orV_a9cWP
ans: AHr_cV_a9cJWP1orVOFz7KdqW6AKir9y
False
Cached Size: 61440 | Start Size: 30720 | Recent Size: 30720
model ans: q.






























ans: qhkkZR0UgjlAMxkwVUftyaEHVJYdSRaN
False
Cached Size: 61440 | Start Size: 30720 | Recent Size: 30720
model ans: a0mqnPZv8-_SeQKL8CjQUnWmLI.





ans: a0mqnPZv8-_YSeQkSKL8CjQUnWmLI4Xn
False
Cached Size: 61440 | Start Size: 30720 | Recent Size: 30720
model ans: 6jxjwgwf.























ans: 6jxjgwsiuZfhcYDpTgGL3aSAg5BQGsuJ
False
Cached Size: 61440 | Start Size: 30720 | Recent Size: 30720
model ans: XevWR7ks8-T3xHN.
















ans: XevWR7ks8r0-T3xHNheHj42ujhluuT7O
False
Cached Size: 61440 | Start Size: 30720 | Recent Size: 30720
model ans: SU0MVMC8SJ7QwQRPpLY7_b-wm-ms.



ans: SU0MVMC8SJ7QvwcRrjGPpLY7_b-wm-ms
False
Cached Size: 61440 | Start Size: 30720 | Recent Size: 30720
model ans: K.






























ans: KAgRwljCIahi7B-gdIV_MyN0L-2AoAzp
False
Cached Size: 61440 | Start Size: 30720 | Recent Size: 30720
model ans: MQev1aEaqRBDHOfDkQ7MUVeq_.






ans: MQev1aEaqRBDH7gUHHqOfDkWQ7MUVeq_
False
Cached Size: 61440 | Start Size: 30720 | Recent Size: 30720
model ans: C2fxeu7rq4HgXYddbGyoo_RlburzFCy.
ans: C2fxeu7rq4HgXYddbGyoo_RlburzFCbB
False
Cached Size: 61440 | Start Size: 30720 | Recent Size: 30720
model ans: xP_kz5buPYemI_t2Iz7-DzyxVtJWjlhi
ans: xP_kz5buPYemI_t2Iz7-DzyxVtJWjlhi
True
Cached Size: 61440 | Start Size: 30720 | Recent Size: 30720
model ans: A95tZPjgZPHfzoVWAS6Ha7Njcr_IiJ3N
ans: A95tZPjgZPHfzoVWAS6Ha7Njcr_IiJN3
False
Cached Size: 61440 | Start Size: 30720 | Recent Size: 30720
model ans: UOq-AuqAUqAUqAUqAUqAUqAUqAUqAUqA
ans: UOq-AuqAU8WrV2Em6PqsKEIEzcbS5w-T
False
Cached Size: 61440 | Start Size: 30720 | Recent Size: 30720
model ans: alYHzmejTOt7aGJxGEKDXqzA1.






ans: alYHzmej8o8TOt7aGJxGEKDcXqzQJ-A1
False
Cached Size: 61440 | Start Size: 30720 | Recent Size: 30720
model ans: v6bCgz38cgI9jeEBG6-DTINVBHG6.



ans: v6bCZgz38cgI9jeEBHg6O-DTINVBHlDr
False
Cached Size: 61440 | Start Size: 30720 | Recent Size: 30720
model ans: w.






























ans: wPsJVQBLUaG08oSMiF47fE82ANiWNPvA
False
Cached Size: 61440 | Start Size: 30720 | Recent Size: 30720
model ans: k1ahPoJI02eEw72PUCUthv5sF0TQLen.
ans: k1ahPoJI02eEw72PUCUthv5sF0TQL1en
False
Cached Size: 61440 | Start Size: 30720 | Recent Size: 30720
model ans: y5MOf7X1U1ZxzTyeBEyG6rYhwoyp.



ans: y5MOf7X1U13ZXzXTYtcBEyG6prYhwoyp
False
Cached Size: 61440 | Start Size: 30720 | Recent Size: 30720
model ans: 25.





























ans: 25sjiYTaou7qLnhSnI_ifJL4XcIBZuvH
False
Cached Size: 61440 | Start Size: 30720 | Recent Size: 30720
model ans: VCM.




























ans: VCM_wWpg0C6ICO-GvrJgj_f-6s3uVz7p
False
Cached Size: 61440 | Start Size: 30720 | Recent Size: 30720
model ans: rbbYCKuAxZgvSE.

















ans: rbbYCKuAxXZgvSEGyWKdmmqXvazR3hs4
False
Cached Size: 61440 | Start Size: 30720 | Recent Size: 30720
model ans: WYISG-B6NREW-MKAQH.













ans: WYisegB6nS-WNMREw_r-mArkaqH87kvv
False
Cached Size: 61440 | Start Size: 30720 | Recent Size: 30720
model ans: q.






























ans: qwLlsuBFm2jLby5rCPoiRFTHl-XazdJJ
False
Cached Size: 61440 | Start Size: 30720 | Recent Size: 30720
model ans: X.






























ans: XUEtflshOgzKcnfMpqsBNde0u2fVCm41
False
Cached Size: 61440 | Start Size: 30720 | Recent Size: 30720
model ans: TdALFMBuuviQ8U.

















ans: TdALFMBuuviQ8U_mp0eKW6xnmfnVpH4x
False
Cached Size: 61440 | Start Size: 30720 | Recent Size: 30720
model ans: jdTwYk4DfQ7SWUJbCUwhGcv_dKzZ.



ans: jdTwYk4DfQK7SWUJbCUwhGcvR_dKzWMH
False
Cached Size: 61440 | Start Size: 30720 | Recent Size: 30720
model ans: GSGrEXGGPG7P7P7P7P7P7P7P7P7P7P7P
ans: GSGrEXggPG7r0WP1pFUGHBJQUFQNtWSc
False
Cached Size: 61440 | Start Size: 30720 | Recent Size: 30720
model ans: 4l-ayAL4RTehVOpefEUbeuD9uDC.




ans: 4l-ayAL4RTehuagYhVOpefEUbeuD9uDC
False
Cached Size: 61440 | Start Size: 30720 | Recent Size: 30720
model ans: O.






























ans: Oj_3sN642swfhy6CCmfpD0Y6bNMpd3rz
False
Cached Size: 61440 | Start Size: 30720 | Recent Size: 30720
model ans: 1234567890.





















ans: js3z8v1Gx1awVTuIAsCu7C2OdMTgJbNX
False
Cached Size: 61440 | Start Size: 30720 | Recent Size: 30720
model ans: the key to the pass.












ans: vr4KFyvVpiOaZfe9yFL_O8u5BdO00FL1
False
Cached Size: 61440 | Start Size: 30720 | Recent Size: 30720
model ans: the grass is green.













ans: wqw7zR0Om_cZOdGCQt7E1hVRrnY7bRtn
False
Cached Size: 61440 | Start Size: 30720 | Recent Size: 30720
model ans: 4pfgFRtvMPSwGzHt0LXQs07zPEl.




ans: 4pfgFRtvMPSwGzHt5M0ug0LXQs7zZPEl
False
Cached Size: 61440 | Start Size: 30720 | Recent Size: 30720
model ans: a14h0LWYmD8tGqr1tGKEj7nry_A8yLP.
ans: a14h0LWYmD8TtGqr1tGKEj7nry_A8yLP
False
Cached Size: 61440 | Start Size: 30720 | Recent Size: 30720
model ans: KB3PdGQRD8Gx9IQc7g57wOk.








ans: KB3PdGQRD182kwW8Gx9IQc7g57wUokGU
False
Cached Size: 61440 | Start Size: 30720 | Recent Size: 30720
model ans: 2itiPnFqjvnke72. 















ans: 2itiPnFqCiajvnjkeNIj72AgYacTnzwb
False
Cached Size: 61440 | Start Size: 30720 | Recent Size: 30720
model ans: xDvwyPyy-NPvY-TsDixclwOVKikq4Cmo
ans: xDvwyPyy-NPvY-TsDixclwOVKikq4Cmo
True
Cached Size: 61440 | Start Size: 30720 | Recent Size: 30720
model ans: VBkvmwT30DwmhYqUNk4STbdSj5RW-Xv3
ans: VBkvmwT30DwmhYqUNk4STbdSj5RW-Xv3
True
Cached Size: 61440 | Start Size: 30720 | Recent Size: 30720
model ans: mD9uQAW2VEyldS4SuLtjMpt3BKo2cWW_
ans: mD9uQAW2VEyldS4SuLtjMpt3BKo2cWW_
True
Cached Size: 61440 | Start Size: 30720 | Recent Size: 30720
model ans: 3jEXFxY6cUm0p1DCh_3-phwhl3KeLkY.
ans: 3jEXFxY6cUm0p1DCh_3-phwhl3KeLkKY
False
Cached Size: 61440 | Start Size: 30720 | Recent Size: 30720
model ans: g1EMeg__SyV83t7dB9ECrX7AZCX0b7Q-
ans: g1EMeg__SyV83t7dB9ECrX7AZCX0b7Q-
True
Cached Size: 61440 | Start Size: 30720 | Recent Size: 30720
model ans: 8wLr_cija4qvNJfhHUKjCJc-JE5RzbSc
ans: 8wLr_cija4qvNJfhHUKjCJc-JE5RzbSc
True
Cached Size: 61440 | Start Size: 30720 | Recent Size: 30720
model ans: C_uvyD-XiU1bDgbHqUdmtMGSoOV0ZIIW
ans: C_uvyD-XiU1bDgbHqUdmtMGSoOV0ZIIW
True
Cached Size: 61440 | Start Size: 30720 | Recent Size: 30720
model ans: TGRydxYGDCGZBQeslbnQaHpiIU8Ce7Q.
ans: TGRydxYGDCGGZBQeslbnQaHpiIU8Ce7Q
False
Cached Size: 61440 | Start Size: 30720 | Recent Size: 30720
model ans: m42h4-3p-c5VwunuTgW98jY03AxSeD7p
ans: m42h4-3p-c5VwunuTgW98jY03AxSeD7p
True
Cached Size: 61440 | Start Size: 30720 | Recent Size: 30720
model ans: uHslMjIAZusng9NEwWV2C4StofQmn7DM
ans: uHslMjIAZusng9NEwWV2C4StofQmn7DM
True
Cached Size: 61440 | Start Size: 30720 | Recent Size: 30720
model ans: vVLR745Cz2oK5arUNDqUwQtnydScRYv8
ans: vVLR745Cz2oK5arUNDqUwQtnydScRYv8
True
Cached Size: 61440 | Start Size: 30720 | Recent Size: 30720
model ans: OszuMmOeK97sOAHh5MxKJsA5duLwINtd
ans: OszuMmOeK97sOAHh5MxKJsA5duLwINtd
True
Cached Size: 61440 | Start Size: 30720 | Recent Size: 30720
model ans: DiS1lyd5uVkz_nh3nWpey2VZ4ttVQDIk
ans: DiS1lyd5uVkz_nh3nWpey2VZ4ttVQDIk
True
Cached Size: 61440 | Start Size: 30720 | Recent Size: 30720
model ans: 9Ga4lakOGBKA64JIG7VUWeZtiMvoOmho
ans: 9Ga4lakOGBKA64JIG7VUWeZtiMvoOmho
True
Cached Size: 61440 | Start Size: 30720 | Recent Size: 30720
model ans: nTT4HSblXj3-hNI2RJEhfDNh3JBxjRGw
ans: nTT4HSblXj3-hNI2RJEhfDNh3JBxjRGw
True
Cached Size: 61440 | Start Size: 30720 | Recent Size: 30720
model ans: cLdEnJ1UHv4aTzNxZuKWs3Ym5ZtrbA0-
ans: cLdEnJ1UHv4aTzNxZuKWs3Ym5ZtrbA0-
True
Cached Size: 61440 | Start Size: 30720 | Recent Size: 30720
model ans: JVJBuj8f9PD_ZFG6QAivwvmKee0JV6dP
ans: JVJBuj8f9PD_ZFG6QAivwvmKee0JV6dP
True
Cached Size: 61440 | Start Size: 30720 | Recent Size: 30720
model ans: M_YpF2KGsD18p8HXu1Mb5t7ghVrtWMeo
ans: M_YpF2KGsD18p8HXu1Mb5t7ghVrtWMeo
True
Cached Size: 61440 | Start Size: 30720 | Recent Size: 30720
model ans: Nbg06X6tvKk9-hnT7BeDVm7KQ5sTPQe_
ans: Nbg06X6tvKk9-hnT7BeDVm7KQ5sTPQe_
True
Cached Size: 61440 | Start Size: 30720 | Recent Size: 30720
model ans: fzPTfqlwBeClpDmznHFPaxwZ35UuaHLg
ans: fzPTfqlwBeClpDmznHFPaxwZ35UuaHLg
True
Cached Size: 61440 | Start Size: 30720 | Recent Size: 30720
model ans: q_EZmHicnYW6JGoXcTg35mhZhuoGWgOt
ans: q_EZmHicnYW6JGoXcTg35mhZhuoGWgOt
True
Cached Size: 61440 | Start Size: 30720 | Recent Size: 30720
model ans: cUdr547K3EOQxMJhFqt-A62BYDDcaRgr
ans: cUdr547K3EOQxMJhFqt-A62BYDDcaRgr
True
Cached Size: 61440 | Start Size: 30720 | Recent Size: 30720
model ans: -54_ZLOjhjPUMrzL4L6_AM9M9-rWLeGR
ans: -54_ZLOjhjPUMrzL4L6_AM9M9-rWLeGR
True
Cached Size: 61440 | Start Size: 30720 | Recent Size: 30720
model ans: eZqANa3K2Na4Ly3z5xvIpBR8IPg6vcvp
ans: eZqANa3K2Na4Ly3z5xvIpBR8IPg6vcvp
True
Cached Size: 61440 | Start Size: 30720 | Recent Size: 30720
model ans: ul6AQaYg5gtX2OjFPc0NVD0RU10Kukc-
ans: ul6AQaYg5gtX2OjFPc0NVD0RU10Kukc-
True
Cached Size: 61440 | Start Size: 30720 | Recent Size: 30720
model ans: 42TTH513D7utxAvS-e90-fME_cGosws3
ans: 42TTH513D7utxAvS-e90-fME_cGosws3
True
Cached Size: 61440 | Start Size: 30720 | Recent Size: 30720
model ans: z7I-9RUSo9MXEwx8eaC32BQZGuCiXNYe
ans: z7I-9RUSo9MXEwx8eaC32BQZGuCiXNYe
True
Cached Size: 61440 | Start Size: 30720 | Recent Size: 30720
model ans: SkmhWgK5LTft7K5fVXRlYXTxHhhb2wIz
ans: SkmhWgK5LTft7K5fVXRlYXTxHhhb2wIz
True
Cached Size: 61440 | Start Size: 30720 | Recent Size: 30720
model ans: jnallOS1SgKg9Z-Qie37wvbSRfberI3P
ans: jnallOS1SgKg9Z-Qie37wvbSRfberI3P
True
Cached Size: 61440 | Start Size: 30720 | Recent Size: 30720
model ans: Te5PSzEC5M3nJwF79iN4t7Loe4s3-1y-
ans: Te5PSzEC5M3nJwF79iN4t7Loe4s3-1y-
True
Hit rate: 0.3 with budget 61440 for method h2o
