>>>> Flash Attention installed
>>>> Flash RoPE installed
capturing graph...
Warming up...
Start benchmark...
Prefix Length :128000, Decode Length :1, inference time:0.0014448713064193726s
>>>> Flash Attention installed
>>>> Flash RoPE installed
capturing graph...
Warming up...
Start benchmark...
Prefix Length :129024, Decode Length :1, inference time:0.001456095814704895s
>>>> Flash Attention installed
>>>> Flash RoPE installed
capturing graph...
Warming up...
Start benchmark...
Prefix Length :130048, Decode Length :1, inference time:0.0014631506204605103s
>>>> Flash Attention installed
>>>> Flash RoPE installed
capturing graph...
Warming up...
Start benchmark...
Prefix Length :131072, Decode Length :1, inference time:0.0014723680019378663s
>>>> Flash Attention installed
>>>> Flash RoPE installed
capturing graph...
Warming up...
Start benchmark...
Prefix Length :132096, Decode Length :1, inference time:0.0014814988374710083s
>>>> Flash Attention installed
>>>> Flash RoPE installed
capturing graph...
Warming up...
Start benchmark...
Prefix Length :133120, Decode Length :1, inference time:0.001493155837059021s
>>>> Flash Attention installed
>>>> Flash RoPE installed
capturing graph...
Warming up...
Start benchmark...
Prefix Length :134144, Decode Length :1, inference time:0.0014976842403411866s
>>>> Flash Attention installed
>>>> Flash RoPE installed
capturing graph...
Warming up...
Start benchmark...
Prefix Length :135168, Decode Length :1, inference time:0.0015065065622329712s
>>>> Flash Attention installed
>>>> Flash RoPE installed
capturing graph...
Warming up...
Start benchmark...
Prefix Length :136192, Decode Length :1, inference time:0.0015189676284790038s
>>>> Flash Attention installed
>>>> Flash RoPE installed
capturing graph...
Warming up...
Start benchmark...
Prefix Length :137216, Decode Length :1, inference time:0.0015291610956192016s
>>>> Flash Attention installed
>>>> Flash RoPE installed
capturing graph...
Warming up...
Start benchmark...
Prefix Length :138240, Decode Length :1, inference time:0.0015382912158966064s
>>>> Flash Attention installed
>>>> Flash RoPE installed
capturing graph...
Warming up...
Start benchmark...
Prefix Length :139264, Decode Length :1, inference time:0.0015473701953887939s
>>>> Flash Attention installed
>>>> Flash RoPE installed
capturing graph...
Warming up...
Start benchmark...
Prefix Length :140288, Decode Length :1, inference time:0.0015541844367980956s
>>>> Flash Attention installed
>>>> Flash RoPE installed
capturing graph...
Warming up...
Start benchmark...
Prefix Length :141312, Decode Length :1, inference time:0.001568690538406372s
>>>> Flash Attention installed
>>>> Flash RoPE installed
capturing graph...
Warming up...
Start benchmark...
Prefix Length :142336, Decode Length :1, inference time:0.0015769171714782714s
>>>> Flash Attention installed
>>>> Flash RoPE installed
capturing graph...
Warming up...
Start benchmark...
Prefix Length :143360, Decode Length :1, inference time:0.0015808519124984742s
>>>> Flash Attention installed
>>>> Flash RoPE installed
capturing graph...
Warming up...
Start benchmark...
Prefix Length :144384, Decode Length :1, inference time:0.0015901707410812377s
>>>> Flash Attention installed
>>>> Flash RoPE installed
capturing graph...
Warming up...
Start benchmark...
Prefix Length :145408, Decode Length :1, inference time:0.0016004047393798828s
>>>> Flash Attention installed
>>>> Flash RoPE installed
capturing graph...
Warming up...
Start benchmark...
Prefix Length :146432, Decode Length :1, inference time:0.001611427664756775s
>>>> Flash Attention installed
>>>> Flash RoPE installed
capturing graph...
Warming up...
Start benchmark...
Prefix Length :147456, Decode Length :1, inference time:0.0016206640005111694s
>>>> Flash Attention installed
>>>> Flash RoPE installed
capturing graph...
Warming up...
Start benchmark...
Prefix Length :148480, Decode Length :1, inference time:0.0016273226737976074s
>>>> Flash Attention installed
>>>> Flash RoPE installed
capturing graph...
Warming up...
Start benchmark...
Prefix Length :149504, Decode Length :1, inference time:0.0016379352807998656s
>>>> Flash Attention installed
>>>> Flash RoPE installed
capturing graph...
Warming up...
Start benchmark...
Prefix Length :150528, Decode Length :1, inference time:0.001647794485092163s
>>>> Flash Attention installed
>>>> Flash RoPE installed
capturing graph...
Warming up...
Start benchmark...
Prefix Length :151552, Decode Length :1, inference time:0.0016584306955337524s
>>>> Flash Attention installed
>>>> Flash RoPE installed
capturing graph...
Warming up...
Start benchmark...
Prefix Length :152576, Decode Length :1, inference time:0.0016668983697891236s
>>>> Flash Attention installed
>>>> Flash RoPE installed
capturing graph...
Warming up...
Start benchmark...
Prefix Length :153600, Decode Length :1, inference time:0.0016803393363952637s
>>>> Flash Attention installed
>>>> Flash RoPE installed
capturing graph...
Warming up...
Start benchmark...
Prefix Length :154624, Decode Length :1, inference time:0.001688314914703369s
>>>> Flash Attention installed
>>>> Flash RoPE installed
capturing graph...
Warming up...
Start benchmark...
Prefix Length :155648, Decode Length :1, inference time:0.0016949691772460938s
>>>> Flash Attention installed
>>>> Flash RoPE installed
capturing graph...
Warming up...
Start benchmark...
Prefix Length :156672, Decode Length :1, inference time:0.0017053495645523071s
>>>> Flash Attention installed
>>>> Flash RoPE installed
capturing graph...
Warming up...
Start benchmark...
Prefix Length :157696, Decode Length :1, inference time:0.0017130736112594604s
>>>> Flash Attention installed
>>>> Flash RoPE installed
capturing graph...
Warming up...
Start benchmark...
Prefix Length :158720, Decode Length :1, inference time:0.0017244277000427247s
>>>> Flash Attention installed
>>>> Flash RoPE installed
capturing graph...
Warming up...
Start benchmark...
Prefix Length :159744, Decode Length :1, inference time:0.0017326310873031615s
>>>> Flash Attention installed
>>>> Flash RoPE installed
capturing graph...
Warming up...
Start benchmark...
Prefix Length :160768, Decode Length :1, inference time:0.0017409226894378662s
>>>> Flash Attention installed
>>>> Flash RoPE installed
capturing graph...
Warming up...
Start benchmark...
Prefix Length :161792, Decode Length :1, inference time:0.001748649001121521s
>>>> Flash Attention installed
>>>> Flash RoPE installed
capturing graph...
Warming up...
Start benchmark...
Prefix Length :162816, Decode Length :1, inference time:0.0017559583187103272s
>>>> Flash Attention installed
>>>> Flash RoPE installed
capturing graph...
Warming up...
Start benchmark...
Prefix Length :163840, Decode Length :1, inference time:0.001767932653427124s
>>>> Flash Attention installed
>>>> Flash RoPE installed
capturing graph...
Warming up...
Start benchmark...
Prefix Length :164864, Decode Length :1, inference time:0.0017767143249511719s
>>>> Flash Attention installed
>>>> Flash RoPE installed
capturing graph...
Warming up...
Start benchmark...
Prefix Length :165888, Decode Length :1, inference time:0.0017844866514205933s
>>>> Flash Attention installed
>>>> Flash RoPE installed
capturing graph...
Warming up...
Start benchmark...
Prefix Length :166912, Decode Length :1, inference time:0.0018014504909515381s
>>>> Flash Attention installed
>>>> Flash RoPE installed
capturing graph...
Warming up...
Start benchmark...
Prefix Length :167936, Decode Length :1, inference time:0.0018075116872787475s
>>>> Flash Attention installed
>>>> Flash RoPE installed
capturing graph...
Warming up...
Start benchmark...
Prefix Length :168960, Decode Length :1, inference time:0.001817940592765808s
>>>> Flash Attention installed
>>>> Flash RoPE installed
capturing graph...
Warming up...
Start benchmark...
Prefix Length :169984, Decode Length :1, inference time:0.0018263561725616454s
>>>> Flash Attention installed
>>>> Flash RoPE installed
capturing graph...
Warming up...
Start benchmark...
Prefix Length :171008, Decode Length :1, inference time:0.0018350110054016113s
>>>> Flash Attention installed
>>>> Flash RoPE installed
capturing graph...
Warming up...
Start benchmark...
Prefix Length :172032, Decode Length :1, inference time:0.0018461413383483887s
>>>> Flash Attention installed
>>>> Flash RoPE installed
capturing graph...
Warming up...
Start benchmark...
Prefix Length :173056, Decode Length :1, inference time:0.0018556182384490967s
>>>> Flash Attention installed
>>>> Flash RoPE installed
capturing graph...
Warming up...
Start benchmark...
Prefix Length :174080, Decode Length :1, inference time:0.0018639644384384154s
>>>> Flash Attention installed
>>>> Flash RoPE installed
capturing graph...
Warming up...
Start benchmark...
Prefix Length :175104, Decode Length :1, inference time:0.0018740671873092652s
>>>> Flash Attention installed
>>>> Flash RoPE installed
capturing graph...
Warming up...
Start benchmark...
Prefix Length :176128, Decode Length :1, inference time:0.0018811295032501222s
>>>> Flash Attention installed
>>>> Flash RoPE installed
capturing graph...
Warming up...
Start benchmark...
Prefix Length :177152, Decode Length :1, inference time:0.001893064022064209s
>>>> Flash Attention installed
>>>> Flash RoPE installed
capturing graph...
Warming up...
Start benchmark...
Prefix Length :178176, Decode Length :1, inference time:0.0018989195823669433s
>>>> Flash Attention installed
>>>> Flash RoPE installed
capturing graph...
Warming up...
Start benchmark...
Prefix Length :179200, Decode Length :1, inference time:0.001908691167831421s
>>>> Flash Attention installed
>>>> Flash RoPE installed
capturing graph...
Warming up...
Start benchmark...
Prefix Length :180224, Decode Length :1, inference time:0.0019166749715805054s
>>>> Flash Attention installed
>>>> Flash RoPE installed
capturing graph...
Warming up...
Start benchmark...
Prefix Length :181248, Decode Length :1, inference time:0.0019261517524719238s
>>>> Flash Attention installed
>>>> Flash RoPE installed
capturing graph...
Warming up...
Start benchmark...
Prefix Length :182272, Decode Length :1, inference time:0.0019404239654541016s
>>>> Flash Attention installed
>>>> Flash RoPE installed
capturing graph...
Warming up...
Start benchmark...
Prefix Length :183296, Decode Length :1, inference time:0.0019482966661453246s
>>>> Flash Attention installed
>>>> Flash RoPE installed
capturing graph...
Warming up...
Start benchmark...
Prefix Length :184320, Decode Length :1, inference time:0.0019589394330978395s
>>>> Flash Attention installed
>>>> Flash RoPE installed
capturing graph...
Warming up...
Start benchmark...
Prefix Length :185344, Decode Length :1, inference time:0.0019670345783233643s
>>>> Flash Attention installed
>>>> Flash RoPE installed
capturing graph...
Warming up...
Start benchmark...
Prefix Length :186368, Decode Length :1, inference time:0.0019751533269882202s
>>>> Flash Attention installed
>>>> Flash RoPE installed
capturing graph...
Warming up...
Start benchmark...
Prefix Length :187392, Decode Length :1, inference time:0.0019894776344299317s
>>>> Flash Attention installed
>>>> Flash RoPE installed
capturing graph...
Warming up...
Start benchmark...
Prefix Length :188416, Decode Length :1, inference time:0.0019884003400802612s
>>>> Flash Attention installed
>>>> Flash RoPE installed
capturing graph...
Warming up...
Start benchmark...
Prefix Length :189440, Decode Length :1, inference time:0.002000564455986023s
>>>> Flash Attention installed
>>>> Flash RoPE installed
capturing graph...
Warming up...
Start benchmark...
Prefix Length :190464, Decode Length :1, inference time:0.00201527738571167s
>>>> Flash Attention installed
>>>> Flash RoPE installed
capturing graph...
Warming up...
Start benchmark...
Prefix Length :191488, Decode Length :1, inference time:0.002021117448806763s
>>>> Flash Attention installed
>>>> Flash RoPE installed
capturing graph...
Warming up...
Start benchmark...
Prefix Length :192512, Decode Length :1, inference time:0.0020347083806991576s
>>>> Flash Attention installed
>>>> Flash RoPE installed
capturing graph...
Warming up...
Start benchmark...
Prefix Length :193536, Decode Length :1, inference time:0.002035635232925415s
>>>> Flash Attention installed
>>>> Flash RoPE installed
capturing graph...
Warming up...
Start benchmark...
Prefix Length :194560, Decode Length :1, inference time:0.0020461748838424684s
>>>> Flash Attention installed
>>>> Flash RoPE installed
capturing graph...
Warming up...
Start benchmark...
Prefix Length :195584, Decode Length :1, inference time:0.0020569620132446288s
>>>> Flash Attention installed
>>>> Flash RoPE installed
capturing graph...
Warming up...
Start benchmark...
Prefix Length :196608, Decode Length :1, inference time:0.0020662858486175536s
>>>> Flash Attention installed
>>>> Flash RoPE installed
capturing graph...
Warming up...
Start benchmark...
Prefix Length :197632, Decode Length :1, inference time:0.0020750550031661988s
>>>> Flash Attention installed
>>>> Flash RoPE installed
capturing graph...
Warming up...
Start benchmark...
Prefix Length :198656, Decode Length :1, inference time:0.00208393919467926s
>>>> Flash Attention installed
>>>> Flash RoPE installed
capturing graph...
Warming up...
Start benchmark...
Prefix Length :199680, Decode Length :1, inference time:0.0020890439748764036s
>>>> Flash Attention installed
>>>> Flash RoPE installed
capturing graph...
Warming up...
Start benchmark...
Prefix Length :200704, Decode Length :1, inference time:0.002107343316078186s
>>>> Flash Attention installed
>>>> Flash RoPE installed
capturing graph...
Warming up...
Start benchmark...
Prefix Length :201728, Decode Length :1, inference time:0.0021141349077224733s
>>>> Flash Attention installed
>>>> Flash RoPE installed
capturing graph...
Warming up...
Start benchmark...
Prefix Length :202752, Decode Length :1, inference time:0.0021295980215072633s
>>>> Flash Attention installed
>>>> Flash RoPE installed
capturing graph...
Warming up...
Start benchmark...
Prefix Length :203776, Decode Length :1, inference time:0.0021360350847244264s
>>>> Flash Attention installed
>>>> Flash RoPE installed
capturing graph...
Warming up...
Start benchmark...
Prefix Length :204800, Decode Length :1, inference time:0.002144213080406189s
>>>> Flash Attention installed
>>>> Flash RoPE installed
capturing graph...
Warming up...
Start benchmark...
Prefix Length :205824, Decode Length :1, inference time:0.0021538418531417847s
>>>> Flash Attention installed
>>>> Flash RoPE installed
capturing graph...
Warming up...
Start benchmark...
Prefix Length :206848, Decode Length :1, inference time:0.002159817099571228s
>>>> Flash Attention installed
>>>> Flash RoPE installed
capturing graph...
Warming up...
Start benchmark...
Prefix Length :207872, Decode Length :1, inference time:0.002167301893234253s
>>>> Flash Attention installed
>>>> Flash RoPE installed
capturing graph...
Warming up...
Start benchmark...
Prefix Length :208896, Decode Length :1, inference time:0.002178512454032898s
>>>> Flash Attention installed
>>>> Flash RoPE installed
capturing graph...
Warming up...
Start benchmark...
Prefix Length :209920, Decode Length :1, inference time:0.0021858824491500853s
>>>> Flash Attention installed
>>>> Flash RoPE installed
capturing graph...
Warming up...
Start benchmark...
Prefix Length :210944, Decode Length :1, inference time:0.002192214369773865s
>>>> Flash Attention installed
>>>> Flash RoPE installed
capturing graph...
Warming up...
Start benchmark...
Prefix Length :211968, Decode Length :1, inference time:0.0022060114145278933s
>>>> Flash Attention installed
>>>> Flash RoPE installed
capturing graph...
Warming up...
Start benchmark...
Prefix Length :212992, Decode Length :1, inference time:0.002219135522842407s
>>>> Flash Attention installed
>>>> Flash RoPE installed
capturing graph...
Warming up...
Start benchmark...
Prefix Length :214016, Decode Length :1, inference time:0.0022259947061538696s
>>>> Flash Attention installed
>>>> Flash RoPE installed
capturing graph...
Warming up...
Start benchmark...
Prefix Length :215040, Decode Length :1, inference time:0.002233833909034729s
>>>> Flash Attention installed
>>>> Flash RoPE installed
capturing graph...
Warming up...
Start benchmark...
Prefix Length :216064, Decode Length :1, inference time:0.0022396870851516724s
>>>> Flash Attention installed
>>>> Flash RoPE installed
capturing graph...
Warming up...
Start benchmark...
Prefix Length :217088, Decode Length :1, inference time:0.002256577253341675s
>>>> Flash Attention installed
>>>> Flash RoPE installed
capturing graph...
Warming up...
Start benchmark...
Prefix Length :218112, Decode Length :1, inference time:0.0022667536735534667s
>>>> Flash Attention installed
>>>> Flash RoPE installed
capturing graph...
Warming up...
Start benchmark...
Prefix Length :219136, Decode Length :1, inference time:0.002275052547454834s
>>>> Flash Attention installed
>>>> Flash RoPE installed
capturing graph...
Warming up...
Start benchmark...
Prefix Length :220160, Decode Length :1, inference time:0.0022862123250961303s
>>>> Flash Attention installed
>>>> Flash RoPE installed
capturing graph...
Warming up...
Start benchmark...
Prefix Length :221184, Decode Length :1, inference time:0.0022956042289733886s
>>>> Flash Attention installed
>>>> Flash RoPE installed
capturing graph...
Warming up...
Start benchmark...
Prefix Length :222208, Decode Length :1, inference time:0.0023016784191131593s
>>>> Flash Attention installed
>>>> Flash RoPE installed
capturing graph...
Warming up...
Start benchmark...
Prefix Length :223232, Decode Length :1, inference time:0.002310094356536865s
>>>> Flash Attention installed
>>>> Flash RoPE installed
capturing graph...
Warming up...
Start benchmark...
Prefix Length :224256, Decode Length :1, inference time:0.0023214988708496094s
>>>> Flash Attention installed
>>>> Flash RoPE installed
capturing graph...
Warming up...
Start benchmark...
Prefix Length :225280, Decode Length :1, inference time:0.002328569412231445s
>>>> Flash Attention installed
>>>> Flash RoPE installed
capturing graph...
Warming up...
Start benchmark...
Prefix Length :226304, Decode Length :1, inference time:0.0023370643854141236s
>>>> Flash Attention installed
>>>> Flash RoPE installed
capturing graph...
Warming up...
Start benchmark...
Prefix Length :227328, Decode Length :1, inference time:0.0023487204313278197s
>>>> Flash Attention installed
>>>> Flash RoPE installed
capturing graph...
Warming up...
Start benchmark...
Prefix Length :228352, Decode Length :1, inference time:0.002358618140220642s
>>>> Flash Attention installed
>>>> Flash RoPE installed
capturing graph...
Warming up...
Start benchmark...
Prefix Length :229376, Decode Length :1, inference time:0.002365496754646301s
>>>> Flash Attention installed
>>>> Flash RoPE installed
capturing graph...
Warming up...
Start benchmark...
Prefix Length :230400, Decode Length :1, inference time:0.0023784136772155764s
>>>> Flash Attention installed
>>>> Flash RoPE installed
capturing graph...
Warming up...
Start benchmark...
Prefix Length :231424, Decode Length :1, inference time:0.0023870660066604614s
>>>> Flash Attention installed
>>>> Flash RoPE installed
capturing graph...
Warming up...
Start benchmark...
Prefix Length :232448, Decode Length :1, inference time:0.0023952414989471434s
>>>> Flash Attention installed
>>>> Flash RoPE installed
capturing graph...
Warming up...
Start benchmark...
Prefix Length :233472, Decode Length :1, inference time:0.0023989312648773193s
>>>> Flash Attention installed
>>>> Flash RoPE installed
capturing graph...
Warming up...
Start benchmark...
Prefix Length :234496, Decode Length :1, inference time:0.0024098608493804932s
>>>> Flash Attention installed
>>>> Flash RoPE installed
capturing graph...
Warming up...
Start benchmark...
Prefix Length :235520, Decode Length :1, inference time:0.0024188987016677856s
>>>> Flash Attention installed
>>>> Flash RoPE installed
capturing graph...
Warming up...
Start benchmark...
Prefix Length :236544, Decode Length :1, inference time:0.0024343581199645996s
>>>> Flash Attention installed
>>>> Flash RoPE installed
capturing graph...
Warming up...
Start benchmark...
Prefix Length :237568, Decode Length :1, inference time:0.0024390708208084106s
>>>> Flash Attention installed
>>>> Flash RoPE installed
capturing graph...
Warming up...
Start benchmark...
Prefix Length :238592, Decode Length :1, inference time:0.002444774389266968s
>>>> Flash Attention installed
>>>> Flash RoPE installed
capturing graph...
Warming up...
Start benchmark...
Prefix Length :239616, Decode Length :1, inference time:0.0024598878622055054s
>>>> Flash Attention installed
>>>> Flash RoPE installed
capturing graph...
Warming up...
Start benchmark...
Prefix Length :240640, Decode Length :1, inference time:0.002464240193367004s
>>>> Flash Attention installed
>>>> Flash RoPE installed
capturing graph...
Warming up...
Start benchmark...
Prefix Length :241664, Decode Length :1, inference time:0.00248199725151062s
>>>> Flash Attention installed
>>>> Flash RoPE installed
capturing graph...
Warming up...
Start benchmark...
Prefix Length :242688, Decode Length :1, inference time:0.0024868687391281126s
>>>> Flash Attention installed
>>>> Flash RoPE installed
capturing graph...
Warming up...
Start benchmark...
Prefix Length :243712, Decode Length :1, inference time:0.00249374783039093s
>>>> Flash Attention installed
>>>> Flash RoPE installed
capturing graph...
Warming up...
Start benchmark...
Prefix Length :244736, Decode Length :1, inference time:0.002507785439491272s
>>>> Flash Attention installed
>>>> Flash RoPE installed
capturing graph...
Warming up...
Start benchmark...
Prefix Length :245760, Decode Length :1, inference time:0.0025215574502944946s
>>>> Flash Attention installed
>>>> Flash RoPE installed
capturing graph...
Warming up...
Start benchmark...
Prefix Length :246784, Decode Length :1, inference time:0.002528430104255676s
>>>> Flash Attention installed
>>>> Flash RoPE installed
capturing graph...
Warming up...
Start benchmark...
Prefix Length :247808, Decode Length :1, inference time:0.0025358209609985354s
>>>> Flash Attention installed
>>>> Flash RoPE installed
capturing graph...
Warming up...
Start benchmark...
Prefix Length :248832, Decode Length :1, inference time:0.0025502111911773684s
>>>> Flash Attention installed
>>>> Flash RoPE installed
capturing graph...
Warming up...
Start benchmark...
Prefix Length :249856, Decode Length :1, inference time:0.002554101228713989s
>>>> Flash Attention installed
>>>> Flash RoPE installed
capturing graph...
Warming up...
Start benchmark...
Prefix Length :250880, Decode Length :1, inference time:0.0025607484579086306s
>>>> Flash Attention installed
>>>> Flash RoPE installed
capturing graph...
Warming up...
Start benchmark...
Prefix Length :251904, Decode Length :1, inference time:0.0025689514875411987s
>>>> Flash Attention installed
>>>> Flash RoPE installed
capturing graph...
Warming up...
Start benchmark...
Prefix Length :252928, Decode Length :1, inference time:0.0025736483335494996s
>>>> Flash Attention installed
>>>> Flash RoPE installed
capturing graph...
Warming up...
Start benchmark...
Prefix Length :253952, Decode Length :1, inference time:0.0025871872901916506s
>>>> Flash Attention installed
>>>> Flash RoPE installed
capturing graph...
Warming up...
Start benchmark...
Prefix Length :254976, Decode Length :1, inference time:0.0025957727432250974s
>>>> Flash Attention installed
>>>> Flash RoPE installed
capturing graph...
Warming up...
Start benchmark...
Prefix Length :256000, Decode Length :1, inference time:0.0026001924276351927s
>>>> Flash Attention installed
>>>> Flash RoPE installed
capturing graph...
Warming up...
Start benchmark...
Prefix Length :257024, Decode Length :1, inference time:0.002622915863990784s
>>>> Flash Attention installed
>>>> Flash RoPE installed
capturing graph...
Warming up...
Start benchmark...
Prefix Length :258048, Decode Length :1, inference time:0.002629505157470703s
>>>> Flash Attention installed
>>>> Flash RoPE installed
capturing graph...
Warming up...
Start benchmark...
Prefix Length :259072, Decode Length :1, inference time:0.002645414710044861s
>>>> Flash Attention installed
>>>> Flash RoPE installed
capturing graph...
Warming up...
Start benchmark...
Prefix Length :260096, Decode Length :1, inference time:0.002650443077087402s
>>>> Flash Attention installed
>>>> Flash RoPE installed
capturing graph...
Warming up...
Start benchmark...
Prefix Length :261120, Decode Length :1, inference time:0.0026632355451583862s
>>>> Flash Attention installed
>>>> Flash RoPE installed
capturing graph...
Warming up...
Start benchmark...
Prefix Length :262144, Decode Length :1, inference time:0.0026704392433166504s
>>>> Flash Attention installed
>>>> Flash RoPE installed
capturing graph...
Warming up...
Start benchmark...
Prefix Length :263168, Decode Length :1, inference time:0.0026775522232055666s
>>>> Flash Attention installed
>>>> Flash RoPE installed
capturing graph...
Warming up...
Start benchmark...
Prefix Length :264192, Decode Length :1, inference time:0.0026880980730056765s
>>>> Flash Attention installed
>>>> Flash RoPE installed
capturing graph...
Warming up...
Start benchmark...
Prefix Length :265216, Decode Length :1, inference time:0.0026956210136413576s
>>>> Flash Attention installed
>>>> Flash RoPE installed
capturing graph...
Warming up...
Start benchmark...
Prefix Length :266240, Decode Length :1, inference time:0.002706822156906128s
>>>> Flash Attention installed
>>>> Flash RoPE installed
capturing graph...
Warming up...
Start benchmark...
Prefix Length :267264, Decode Length :1, inference time:0.0027061164379119872s
>>>> Flash Attention installed
>>>> Flash RoPE installed
capturing graph...
Warming up...
Start benchmark...
Prefix Length :268288, Decode Length :1, inference time:0.0027205584049224854s
>>>> Flash Attention installed
>>>> Flash RoPE installed
capturing graph...
Warming up...
Start benchmark...
Prefix Length :269312, Decode Length :1, inference time:0.0027267192602157594s
>>>> Flash Attention installed
>>>> Flash RoPE installed
capturing graph...
Warming up...
Start benchmark...
Prefix Length :270336, Decode Length :1, inference time:0.0027369052171707154s
>>>> Flash Attention installed
>>>> Flash RoPE installed
capturing graph...
Warming up...
Start benchmark...
Prefix Length :271360, Decode Length :1, inference time:0.0027435383796691895s
>>>> Flash Attention installed
>>>> Flash RoPE installed
capturing graph...
Warming up...
Start benchmark...
Prefix Length :272384, Decode Length :1, inference time:0.002751344084739685s
>>>> Flash Attention installed
>>>> Flash RoPE installed
capturing graph...
Warming up...
Start benchmark...
Prefix Length :273408, Decode Length :1, inference time:0.002770477890968323s
>>>> Flash Attention installed
>>>> Flash RoPE installed
capturing graph...
Warming up...
Start benchmark...
Prefix Length :274432, Decode Length :1, inference time:0.0027820457220077517s
>>>> Flash Attention installed
>>>> Flash RoPE installed
capturing graph...
Warming up...
Start benchmark...
Prefix Length :275456, Decode Length :1, inference time:0.0027894327640533446s
>>>> Flash Attention installed
>>>> Flash RoPE installed
capturing graph...
Warming up...
Start benchmark...
Prefix Length :276480, Decode Length :1, inference time:0.002801088333129883s
>>>> Flash Attention installed
>>>> Flash RoPE installed
capturing graph...
Warming up...
Start benchmark...
Prefix Length :277504, Decode Length :1, inference time:0.0028074817657470705s
>>>> Flash Attention installed
>>>> Flash RoPE installed
capturing graph...
Warming up...
Start benchmark...
Prefix Length :278528, Decode Length :1, inference time:0.0028154771327972413s
>>>> Flash Attention installed
>>>> Flash RoPE installed
capturing graph...
Warming up...
Start benchmark...
Prefix Length :279552, Decode Length :1, inference time:0.002832617521286011s
>>>> Flash Attention installed
>>>> Flash RoPE installed
capturing graph...
Warming up...
Start benchmark...
Prefix Length :280576, Decode Length :1, inference time:0.002837293744087219s
>>>> Flash Attention installed
>>>> Flash RoPE installed
capturing graph...
Warming up...
Start benchmark...
Prefix Length :281600, Decode Length :1, inference time:0.002849201798439026s
>>>> Flash Attention installed
>>>> Flash RoPE installed
capturing graph...
Warming up...
Start benchmark...
Prefix Length :282624, Decode Length :1, inference time:0.0028477792739868162s
>>>> Flash Attention installed
>>>> Flash RoPE installed
capturing graph...
Warming up...
Start benchmark...
Prefix Length :283648, Decode Length :1, inference time:0.0028561152219772337s
>>>> Flash Attention installed
>>>> Flash RoPE installed
capturing graph...
Warming up...
Start benchmark...
Prefix Length :284672, Decode Length :1, inference time:0.0028685479164123535s
>>>> Flash Attention installed
>>>> Flash RoPE installed
capturing graph...
Warming up...
Start benchmark...
Prefix Length :285696, Decode Length :1, inference time:0.0028768495321273803s
>>>> Flash Attention installed
>>>> Flash RoPE installed
capturing graph...
Warming up...
Start benchmark...
Prefix Length :286720, Decode Length :1, inference time:0.0028846737146377564s
>>>> Flash Attention installed
>>>> Flash RoPE installed
capturing graph...
Warming up...
Start benchmark...
Prefix Length :287744, Decode Length :1, inference time:0.0028951711654663084s
>>>> Flash Attention installed
>>>> Flash RoPE installed
capturing graph...
Warming up...
Start benchmark...
Prefix Length :288768, Decode Length :1, inference time:0.00290224552154541s
>>>> Flash Attention installed
>>>> Flash RoPE installed
capturing graph...
Warming up...
Start benchmark...
Prefix Length :289792, Decode Length :1, inference time:0.0029084906578063963s
>>>> Flash Attention installed
>>>> Flash RoPE installed
capturing graph...
Warming up...
Start benchmark...
Prefix Length :290816, Decode Length :1, inference time:0.002930122971534729s
>>>> Flash Attention installed
>>>> Flash RoPE installed
capturing graph...
Warming up...
Start benchmark...
Prefix Length :291840, Decode Length :1, inference time:0.0029429152011871337s
>>>> Flash Attention installed
>>>> Flash RoPE installed
capturing graph...
Warming up...
Start benchmark...
Prefix Length :292864, Decode Length :1, inference time:0.0029502002000808716s
>>>> Flash Attention installed
>>>> Flash RoPE installed
capturing graph...
Warming up...
Start benchmark...
Prefix Length :293888, Decode Length :1, inference time:0.002953840732574463s
>>>> Flash Attention installed
>>>> Flash RoPE installed
capturing graph...
Warming up...
Start benchmark...
Prefix Length :294912, Decode Length :1, inference time:0.002969144105911255s
>>>> Flash Attention installed
>>>> Flash RoPE installed
capturing graph...
Warming up...
Start benchmark...
Prefix Length :295936, Decode Length :1, inference time:0.0029738024473190306s
>>>> Flash Attention installed
>>>> Flash RoPE installed
capturing graph...
Warming up...
Start benchmark...
Prefix Length :296960, Decode Length :1, inference time:0.0029774192571640013s
>>>> Flash Attention installed
>>>> Flash RoPE installed
capturing graph...
Warming up...
Start benchmark...
Prefix Length :297984, Decode Length :1, inference time:0.0029848175048828125s
>>>> Flash Attention installed
>>>> Flash RoPE installed
capturing graph...
Warming up...
Start benchmark...
Prefix Length :299008, Decode Length :1, inference time:0.0029996285438537596s
>>>> Flash Attention installed
>>>> Flash RoPE installed
capturing graph...
Warming up...
Start benchmark...
Prefix Length :300032, Decode Length :1, inference time:0.0030051681995391846s
>>>> Flash Attention installed
>>>> Flash RoPE installed
capturing graph...
Warming up...
Start benchmark...
Prefix Length :301056, Decode Length :1, inference time:0.0030116167068481446s
>>>> Flash Attention installed
>>>> Flash RoPE installed
capturing graph...
Warming up...
Start benchmark...
Prefix Length :302080, Decode Length :1, inference time:0.003037998676300049s
>>>> Flash Attention installed
>>>> Flash RoPE installed
capturing graph...
Warming up...
Start benchmark...
Prefix Length :303104, Decode Length :1, inference time:0.003043294668197632s
>>>> Flash Attention installed
>>>> Flash RoPE installed
capturing graph...
Warming up...
Start benchmark...
Prefix Length :304128, Decode Length :1, inference time:0.0030495303869247435s
>>>> Flash Attention installed
>>>> Flash RoPE installed
capturing graph...
Warming up...
Start benchmark...
Prefix Length :305152, Decode Length :1, inference time:0.003053574323654175s
>>>> Flash Attention installed
>>>> Flash RoPE installed
capturing graph...
Warming up...
Start benchmark...
Prefix Length :306176, Decode Length :1, inference time:0.003062191843986511s
>>>> Flash Attention installed
>>>> Flash RoPE installed
capturing graph...
Warming up...
Start benchmark...
Prefix Length :307200, Decode Length :1, inference time:0.0030758622884750368s
>>>> Flash Attention installed
>>>> Flash RoPE installed
capturing graph...
Warming up...
Start benchmark...
Prefix Length :308224, Decode Length :1, inference time:0.0030834130048751833s
>>>> Flash Attention installed
>>>> Flash RoPE installed
capturing graph...
Warming up...
Start benchmark...
Prefix Length :309248, Decode Length :1, inference time:0.0030985796451568604s
>>>> Flash Attention installed
>>>> Flash RoPE installed
capturing graph...
Warming up...
Start benchmark...
Prefix Length :310272, Decode Length :1, inference time:0.0031101158857345583s
>>>> Flash Attention installed
>>>> Flash RoPE installed
capturing graph...
Warming up...
Start benchmark...
Prefix Length :311296, Decode Length :1, inference time:0.003115739941596985s
>>>> Flash Attention installed
>>>> Flash RoPE installed
capturing graph...
Warming up...
Start benchmark...
Prefix Length :312320, Decode Length :1, inference time:0.003116702675819397s
>>>> Flash Attention installed
>>>> Flash RoPE installed
capturing graph...
Warming up...
Start benchmark...
Prefix Length :313344, Decode Length :1, inference time:0.003131662726402283s
>>>> Flash Attention installed
>>>> Flash RoPE installed
capturing graph...
Warming up...
Start benchmark...
Prefix Length :314368, Decode Length :1, inference time:0.003137870907783508s
>>>> Flash Attention installed
>>>> Flash RoPE installed
capturing graph...
Warming up...
Start benchmark...
Prefix Length :315392, Decode Length :1, inference time:0.0031472851037979126s
>>>> Flash Attention installed
>>>> Flash RoPE installed
capturing graph...
Warming up...
Start benchmark...
Prefix Length :316416, Decode Length :1, inference time:0.003153868317604065s
>>>> Flash Attention installed
>>>> Flash RoPE installed
capturing graph...
Warming up...
Start benchmark...
Prefix Length :317440, Decode Length :1, inference time:0.0031753363609313963s
>>>> Flash Attention installed
>>>> Flash RoPE installed
capturing graph...
Warming up...
Start benchmark...
Prefix Length :318464, Decode Length :1, inference time:0.003187049984931946s
>>>> Flash Attention installed
>>>> Flash RoPE installed
capturing graph...
Warming up...
Start benchmark...
Prefix Length :319488, Decode Length :1, inference time:0.0031912211179733274s
>>>> Flash Attention installed
>>>> Flash RoPE installed
capturing graph...
Warming up...
Start benchmark...
Prefix Length :320512, Decode Length :1, inference time:0.0032035963535308838s
>>>> Flash Attention installed
>>>> Flash RoPE installed
capturing graph...
Warming up...
Start benchmark...
Prefix Length :321536, Decode Length :1, inference time:0.0032120437622070314s
>>>> Flash Attention installed
>>>> Flash RoPE installed
capturing graph...
Warming up...
Start benchmark...
Prefix Length :322560, Decode Length :1, inference time:0.0032117072343826295s
>>>> Flash Attention installed
>>>> Flash RoPE installed
capturing graph...
Warming up...
Start benchmark...
Prefix Length :323584, Decode Length :1, inference time:0.0032173348665237426s
>>>> Flash Attention installed
>>>> Flash RoPE installed
capturing graph...
Warming up...
Start benchmark...
Prefix Length :324608, Decode Length :1, inference time:0.003233310580253601s
>>>> Flash Attention installed
>>>> Flash RoPE installed
capturing graph...
Warming up...
Start benchmark...
Prefix Length :325632, Decode Length :1, inference time:0.0032348625659942625s
>>>> Flash Attention installed
>>>> Flash RoPE installed
capturing graph...
Warming up...
Start benchmark...
Prefix Length :326656, Decode Length :1, inference time:0.003254410982131958s
>>>> Flash Attention installed
>>>> Flash RoPE installed
capturing graph...
Warming up...
Start benchmark...
Prefix Length :327680, Decode Length :1, inference time:0.003256382942199707s
>>>> Flash Attention installed
>>>> Flash RoPE installed
capturing graph...
Warming up...
Start benchmark...
Prefix Length :328704, Decode Length :1, inference time:0.0032632237672805785s
>>>> Flash Attention installed
>>>> Flash RoPE installed
capturing graph...
Warming up...
Start benchmark...
Prefix Length :329728, Decode Length :1, inference time:0.003277838349342346s
>>>> Flash Attention installed
>>>> Flash RoPE installed
capturing graph...
Warming up...
Start benchmark...
Prefix Length :330752, Decode Length :1, inference time:0.003284132957458496s
>>>> Flash Attention installed
>>>> Flash RoPE installed
capturing graph...
Warming up...
Start benchmark...
Prefix Length :331776, Decode Length :1, inference time:0.003289794564247131s
>>>> Flash Attention installed
>>>> Flash RoPE installed
capturing graph...
Warming up...
Start benchmark...
Prefix Length :332800, Decode Length :1, inference time:0.0033206143379211424s
>>>> Flash Attention installed
>>>> Flash RoPE installed
capturing graph...
Warming up...
Start benchmark...
Prefix Length :333824, Decode Length :1, inference time:0.003324139595031738s
>>>> Flash Attention installed
>>>> Flash RoPE installed
capturing graph...
Warming up...
Start benchmark...
Prefix Length :334848, Decode Length :1, inference time:0.0033295809030532836s
>>>> Flash Attention installed
>>>> Flash RoPE installed
capturing graph...
Warming up...
Start benchmark...
Prefix Length :335872, Decode Length :1, inference time:0.003343750596046448s
>>>> Flash Attention installed
>>>> Flash RoPE installed
capturing graph...
Warming up...
Start benchmark...
Prefix Length :336896, Decode Length :1, inference time:0.0033508477210998536s
>>>> Flash Attention installed
>>>> Flash RoPE installed
capturing graph...
Warming up...
Start benchmark...
Prefix Length :337920, Decode Length :1, inference time:0.003363934874534607s
>>>> Flash Attention installed
>>>> Flash RoPE installed
capturing graph...
Warming up...
Start benchmark...
Prefix Length :338944, Decode Length :1, inference time:0.0033727127313613894s
>>>> Flash Attention installed
>>>> Flash RoPE installed
capturing graph...
Warming up...
Start benchmark...
Prefix Length :339968, Decode Length :1, inference time:0.003379953980445862s
>>>> Flash Attention installed
>>>> Flash RoPE installed
capturing graph...
Warming up...
Start benchmark...
Prefix Length :340992, Decode Length :1, inference time:0.0033806228637695314s
>>>> Flash Attention installed
>>>> Flash RoPE installed
capturing graph...
Warming up...
Start benchmark...
Prefix Length :342016, Decode Length :1, inference time:0.0033901686668395994s
>>>> Flash Attention installed
>>>> Flash RoPE installed
capturing graph...
Warming up...
Start benchmark...
Prefix Length :343040, Decode Length :1, inference time:0.0033982930183410645s
>>>> Flash Attention installed
>>>> Flash RoPE installed
capturing graph...
Warming up...
Start benchmark...
Prefix Length :344064, Decode Length :1, inference time:0.003409300684928894s
>>>> Flash Attention installed
>>>> Flash RoPE installed
capturing graph...
Warming up...
Start benchmark...
Prefix Length :345088, Decode Length :1, inference time:0.0034155588150024414s
>>>> Flash Attention installed
>>>> Flash RoPE installed
capturing graph...
Warming up...
Start benchmark...
Prefix Length :346112, Decode Length :1, inference time:0.0034219949245452882s
>>>> Flash Attention installed
>>>> Flash RoPE installed
capturing graph...
Warming up...
Start benchmark...
Prefix Length :347136, Decode Length :1, inference time:0.003433076858520508s
>>>> Flash Attention installed
>>>> Flash RoPE installed
capturing graph...
Warming up...
Start benchmark...
Prefix Length :348160, Decode Length :1, inference time:0.0034594660997390747s
>>>> Flash Attention installed
>>>> Flash RoPE installed
capturing graph...
Warming up...
Start benchmark...
Prefix Length :349184, Decode Length :1, inference time:0.0034664056301116943s
>>>> Flash Attention installed
>>>> Flash RoPE installed
capturing graph...
Warming up...
Start benchmark...
Prefix Length :350208, Decode Length :1, inference time:0.003463820219039917s
>>>> Flash Attention installed
>>>> Flash RoPE installed
capturing graph...
Warming up...
Start benchmark...
Prefix Length :351232, Decode Length :1, inference time:0.003468798041343689s
>>>> Flash Attention installed
>>>> Flash RoPE installed
capturing graph...
Warming up...
Start benchmark...
Prefix Length :352256, Decode Length :1, inference time:0.0034867570400238038s
>>>> Flash Attention installed
>>>> Flash RoPE installed
capturing graph...
Warming up...
Start benchmark...
Prefix Length :353280, Decode Length :1, inference time:0.0035045106410980225s
>>>> Flash Attention installed
>>>> Flash RoPE installed
capturing graph...
Warming up...
Start benchmark...
Prefix Length :354304, Decode Length :1, inference time:0.003512938976287842s
>>>> Flash Attention installed
>>>> Flash RoPE installed
capturing graph...
Warming up...
Start benchmark...
Prefix Length :355328, Decode Length :1, inference time:0.003519602656364441s
>>>> Flash Attention installed
>>>> Flash RoPE installed
capturing graph...
Warming up...
Start benchmark...
Prefix Length :356352, Decode Length :1, inference time:0.003517717480659485s
>>>> Flash Attention installed
>>>> Flash RoPE installed
capturing graph...
Warming up...
Start benchmark...
Prefix Length :357376, Decode Length :1, inference time:0.003525868892669678s
>>>> Flash Attention installed
>>>> Flash RoPE installed
capturing graph...
Warming up...
Start benchmark...
Prefix Length :358400, Decode Length :1, inference time:0.003544738411903381s
>>>> Flash Attention installed
>>>> Flash RoPE installed
capturing graph...
Warming up...
Start benchmark...
Prefix Length :359424, Decode Length :1, inference time:0.0035506532192230225s
>>>> Flash Attention installed
>>>> Flash RoPE installed
capturing graph...
Warming up...
Start benchmark...
Prefix Length :360448, Decode Length :1, inference time:0.0035627148151397706s
>>>> Flash Attention installed
>>>> Flash RoPE installed
capturing graph...
Warming up...
Start benchmark...
Prefix Length :361472, Decode Length :1, inference time:0.0035700316429138185s
>>>> Flash Attention installed
>>>> Flash RoPE installed
capturing graph...
Warming up...
Start benchmark...
Prefix Length :362496, Decode Length :1, inference time:0.003579361915588379s
>>>> Flash Attention installed
>>>> Flash RoPE installed
capturing graph...
Warming up...
Start benchmark...
Prefix Length :363520, Decode Length :1, inference time:0.0035981230735778807s
>>>> Flash Attention installed
>>>> Flash RoPE installed
capturing graph...
Warming up...
Start benchmark...
Prefix Length :364544, Decode Length :1, inference time:0.0036055736541748045s
>>>> Flash Attention installed
>>>> Flash RoPE installed
capturing graph...
Warming up...
Start benchmark...
Prefix Length :365568, Decode Length :1, inference time:0.0036083893775939943s
>>>> Flash Attention installed
>>>> Flash RoPE installed
capturing graph...
Warming up...
Start benchmark...
Prefix Length :366592, Decode Length :1, inference time:0.003626240372657776s
>>>> Flash Attention installed
>>>> Flash RoPE installed
capturing graph...
Warming up...
Start benchmark...
Prefix Length :367616, Decode Length :1, inference time:0.0036310805082321166s
>>>> Flash Attention installed
>>>> Flash RoPE installed
capturing graph...
Warming up...
Start benchmark...
Prefix Length :368640, Decode Length :1, inference time:0.0036418485641479493s
>>>> Flash Attention installed
>>>> Flash RoPE installed
capturing graph...
Warming up...
Start benchmark...
Prefix Length :369664, Decode Length :1, inference time:0.003647415995597839s
>>>> Flash Attention installed
>>>> Flash RoPE installed
capturing graph...
Warming up...
Start benchmark...
Prefix Length :370688, Decode Length :1, inference time:0.0036584151983261107s
>>>> Flash Attention installed
>>>> Flash RoPE installed
capturing graph...
Warming up...
Start benchmark...
Prefix Length :371712, Decode Length :1, inference time:0.003668737769126892s
>>>> Flash Attention installed
>>>> Flash RoPE installed
capturing graph...
Warming up...
Start benchmark...
Prefix Length :372736, Decode Length :1, inference time:0.003671054720878601s
>>>> Flash Attention installed
>>>> Flash RoPE installed
capturing graph...
Warming up...
Start benchmark...
Prefix Length :373760, Decode Length :1, inference time:0.0036768941879272462s
>>>> Flash Attention installed
>>>> Flash RoPE installed
capturing graph...
Warming up...
Start benchmark...
Prefix Length :374784, Decode Length :1, inference time:0.0036920024156570433s
>>>> Flash Attention installed
>>>> Flash RoPE installed
capturing graph...
Warming up...
Start benchmark...
Prefix Length :375808, Decode Length :1, inference time:0.0036974871158599854s
>>>> Flash Attention installed
>>>> Flash RoPE installed
capturing graph...
Warming up...
Start benchmark...
Prefix Length :376832, Decode Length :1, inference time:0.0037062201499938963s
>>>> Flash Attention installed
>>>> Flash RoPE installed
capturing graph...
Warming up...
Start benchmark...
Prefix Length :377856, Decode Length :1, inference time:0.003715480327606201s
>>>> Flash Attention installed
>>>> Flash RoPE installed
capturing graph...
Warming up...
Start benchmark...
Prefix Length :378880, Decode Length :1, inference time:0.003722148060798645s
>>>> Flash Attention installed
>>>> Flash RoPE installed
capturing graph...
Warming up...
Start benchmark...
Prefix Length :379904, Decode Length :1, inference time:0.0037332241535186768s
>>>> Flash Attention installed
>>>> Flash RoPE installed
capturing graph...
Warming up...
Start benchmark...
Prefix Length :380928, Decode Length :1, inference time:0.0037464749813079833s
>>>> Flash Attention installed
>>>> Flash RoPE installed
capturing graph...
Warming up...
Start benchmark...
Prefix Length :381952, Decode Length :1, inference time:0.0037637736797332764s
>>>> Flash Attention installed
>>>> Flash RoPE installed
capturing graph...
Warming up...
Start benchmark...
Prefix Length :382976, Decode Length :1, inference time:0.003772042512893677s
>>>> Flash Attention installed
>>>> Flash RoPE installed
capturing graph...
Warming up...
Start benchmark...
Prefix Length :384000, Decode Length :1, inference time:0.003784571051597595s
>>>> Flash Attention installed
>>>> Flash RoPE installed
capturing graph...
Warming up...
Start benchmark...
Prefix Length :385024, Decode Length :1, inference time:0.0037912232875823974s
>>>> Flash Attention installed
>>>> Flash RoPE installed
capturing graph...
Warming up...
Start benchmark...
Prefix Length :386048, Decode Length :1, inference time:0.00379694926738739s
>>>> Flash Attention installed
>>>> Flash RoPE installed
capturing graph...
Warming up...
Start benchmark...
Prefix Length :387072, Decode Length :1, inference time:0.003804403066635132s
>>>> Flash Attention installed
>>>> Flash RoPE installed
capturing graph...
Warming up...
Start benchmark...
Prefix Length :388096, Decode Length :1, inference time:0.003811652898788452s
>>>> Flash Attention installed
>>>> Flash RoPE installed
capturing graph...
Warming up...
Start benchmark...
Prefix Length :389120, Decode Length :1, inference time:0.003824017643928528s
>>>> Flash Attention installed
>>>> Flash RoPE installed
capturing graph...
Warming up...
Start benchmark...
Prefix Length :390144, Decode Length :1, inference time:0.003830787301063538s
>>>> Flash Attention installed
>>>> Flash RoPE installed
capturing graph...
Warming up...
Start benchmark...
Prefix Length :391168, Decode Length :1, inference time:0.003834468364715576s
>>>> Flash Attention installed
>>>> Flash RoPE installed
capturing graph...
Warming up...
Start benchmark...
Prefix Length :392192, Decode Length :1, inference time:0.003846318244934082s
>>>> Flash Attention installed
>>>> Flash RoPE installed
capturing graph...
Warming up...
Start benchmark...
Prefix Length :393216, Decode Length :1, inference time:0.0038670992851257326s
>>>> Flash Attention installed
>>>> Flash RoPE installed
capturing graph...
Warming up...
Start benchmark...
Prefix Length :394240, Decode Length :1, inference time:0.0038711557388305664s
>>>> Flash Attention installed
>>>> Flash RoPE installed
capturing graph...
Warming up...
Start benchmark...
Prefix Length :395264, Decode Length :1, inference time:0.0038759905099868775s
>>>> Flash Attention installed
>>>> Flash RoPE installed
capturing graph...
Warming up...
Start benchmark...
Prefix Length :396288, Decode Length :1, inference time:0.003880449414253235s
>>>> Flash Attention installed
>>>> Flash RoPE installed
capturing graph...
Warming up...
Start benchmark...
Prefix Length :397312, Decode Length :1, inference time:0.0038965865373611452s
>>>> Flash Attention installed
>>>> Flash RoPE installed
capturing graph...
Warming up...
Start benchmark...
Prefix Length :398336, Decode Length :1, inference time:0.0039024707078933714s
>>>> Flash Attention installed
>>>> Flash RoPE installed
capturing graph...
Warming up...
Start benchmark...
Prefix Length :399360, Decode Length :1, inference time:0.003910562038421631s
>>>> Flash Attention installed
>>>> Flash RoPE installed
capturing graph...
Warming up...
Start benchmark...
Prefix Length :400384, Decode Length :1, inference time:0.003936665773391724s
>>>> Flash Attention installed
>>>> Flash RoPE installed
capturing graph...
Warming up...
Start benchmark...
Prefix Length :401408, Decode Length :1, inference time:0.003930398464202881s
>>>> Flash Attention installed
>>>> Flash RoPE installed
capturing graph...
Warming up...
Start benchmark...
Prefix Length :402432, Decode Length :1, inference time:0.0039384902715682985s
>>>> Flash Attention installed
>>>> Flash RoPE installed
capturing graph...
Warming up...
Start benchmark...
Prefix Length :403456, Decode Length :1, inference time:0.003954531192779541s
>>>> Flash Attention installed
>>>> Flash RoPE installed
capturing graph...
Warming up...
Start benchmark...
Prefix Length :404480, Decode Length :1, inference time:0.003964491009712219s
>>>> Flash Attention installed
>>>> Flash RoPE installed
capturing graph...
Warming up...
Start benchmark...
Prefix Length :405504, Decode Length :1, inference time:0.003973201513290405s
>>>> Flash Attention installed
>>>> Flash RoPE installed
capturing graph...
Warming up...
Start benchmark...
Prefix Length :406528, Decode Length :1, inference time:0.003980822205543518s
>>>> Flash Attention installed
>>>> Flash RoPE installed
capturing graph...
Warming up...
Start benchmark...
Prefix Length :407552, Decode Length :1, inference time:0.003985933303833008s
>>>> Flash Attention installed
>>>> Flash RoPE installed
capturing graph...
Warming up...
Start benchmark...
Prefix Length :408576, Decode Length :1, inference time:0.004008430004119873s
>>>> Flash Attention installed
>>>> Flash RoPE installed
capturing graph...
Warming up...
Start benchmark...
Prefix Length :409600, Decode Length :1, inference time:0.004019993185997009s
>>>> Flash Attention installed
>>>> Flash RoPE installed
capturing graph...
Warming up...
Start benchmark...
Prefix Length :410624, Decode Length :1, inference time:0.004024935722351074s
>>>> Flash Attention installed
>>>> Flash RoPE installed
capturing graph...
Warming up...
Start benchmark...
Prefix Length :411648, Decode Length :1, inference time:0.004032347559928894s
>>>> Flash Attention installed
>>>> Flash RoPE installed
capturing graph...
Warming up...
Start benchmark...
Prefix Length :412672, Decode Length :1, inference time:0.0040346083641052246s
>>>> Flash Attention installed
>>>> Flash RoPE installed
capturing graph...
Warming up...
Start benchmark...
Prefix Length :413696, Decode Length :1, inference time:0.004041801452636719s
>>>> Flash Attention installed
>>>> Flash RoPE installed
capturing graph...
Warming up...
Start benchmark...
Prefix Length :414720, Decode Length :1, inference time:0.004055191397666931s
>>>> Flash Attention installed
>>>> Flash RoPE installed
capturing graph...
Warming up...
Start benchmark...
Prefix Length :415744, Decode Length :1, inference time:0.004060786247253418s
>>>> Flash Attention installed
>>>> Flash RoPE installed
capturing graph...
Warming up...
Start benchmark...
Prefix Length :416768, Decode Length :1, inference time:0.004077413082122803s
>>>> Flash Attention installed
>>>> Flash RoPE installed
capturing graph...
Warming up...
Start benchmark...
Prefix Length :417792, Decode Length :1, inference time:0.004080288052558899s
>>>> Flash Attention installed
>>>> Flash RoPE installed
capturing graph...
Warming up...
Start benchmark...
Prefix Length :418816, Decode Length :1, inference time:0.004087201833724976s
>>>> Flash Attention installed
>>>> Flash RoPE installed
capturing graph...
Warming up...
Start benchmark...
Prefix Length :419840, Decode Length :1, inference time:0.004107610940933227s
>>>> Flash Attention installed
>>>> Flash RoPE installed
capturing graph...
Warming up...
Start benchmark...
Prefix Length :420864, Decode Length :1, inference time:0.004112542033195495s
>>>> Flash Attention installed
>>>> Flash RoPE installed
capturing graph...
Warming up...
Start benchmark...
Prefix Length :421888, Decode Length :1, inference time:0.0041198041439056395s
>>>> Flash Attention installed
>>>> Flash RoPE installed
capturing graph...
Warming up...
Start benchmark...
Prefix Length :422912, Decode Length :1, inference time:0.004137227416038513s
>>>> Flash Attention installed
>>>> Flash RoPE installed
capturing graph...
Warming up...
Start benchmark...
Prefix Length :423936, Decode Length :1, inference time:0.004146978378295898s
>>>> Flash Attention installed
>>>> Flash RoPE installed
capturing graph...
Warming up...
Start benchmark...
Prefix Length :424960, Decode Length :1, inference time:0.004157891392707825s
>>>> Flash Attention installed
>>>> Flash RoPE installed
capturing graph...
Warming up...
Start benchmark...
Prefix Length :425984, Decode Length :1, inference time:0.004166963458061218s
>>>> Flash Attention installed
>>>> Flash RoPE installed
capturing graph...
Warming up...
Start benchmark...
Prefix Length :427008, Decode Length :1, inference time:0.004171856164932251s
>>>> Flash Attention installed
>>>> Flash RoPE installed
capturing graph...
Warming up...
Start benchmark...
Prefix Length :428032, Decode Length :1, inference time:0.004185543179512024s
>>>> Flash Attention installed
>>>> Flash RoPE installed
capturing graph...
Warming up...
Start benchmark...
Prefix Length :429056, Decode Length :1, inference time:0.004192825675010681s
>>>> Flash Attention installed
>>>> Flash RoPE installed
capturing graph...
Warming up...
Start benchmark...
Prefix Length :430080, Decode Length :1, inference time:0.00419053041934967s
>>>> Flash Attention installed
>>>> Flash RoPE installed
capturing graph...
Warming up...
Start benchmark...
Prefix Length :431104, Decode Length :1, inference time:0.004203144192695618s
>>>> Flash Attention installed
>>>> Flash RoPE installed
capturing graph...
Warming up...
Start benchmark...
Prefix Length :432128, Decode Length :1, inference time:0.004212412476539612s
>>>> Flash Attention installed
>>>> Flash RoPE installed
capturing graph...
Warming up...
Start benchmark...
Prefix Length :433152, Decode Length :1, inference time:0.004217085003852844s
>>>> Flash Attention installed
>>>> Flash RoPE installed
capturing graph...
Warming up...
Start benchmark...
Prefix Length :434176, Decode Length :1, inference time:0.004232291579246521s
>>>> Flash Attention installed
>>>> Flash RoPE installed
capturing graph...
Warming up...
Start benchmark...
Prefix Length :435200, Decode Length :1, inference time:0.004241044878959656s
>>>> Flash Attention installed
>>>> Flash RoPE installed
capturing graph...
Warming up...
Start benchmark...
Prefix Length :436224, Decode Length :1, inference time:0.0042447069883346554s
>>>> Flash Attention installed
>>>> Flash RoPE installed
capturing graph...
Warming up...
Start benchmark...
Prefix Length :437248, Decode Length :1, inference time:0.004265223145484925s
>>>> Flash Attention installed
>>>> Flash RoPE installed
capturing graph...
Warming up...
Start benchmark...
Prefix Length :438272, Decode Length :1, inference time:0.004280594825744629s
>>>> Flash Attention installed
>>>> Flash RoPE installed
capturing graph...
Warming up...
Start benchmark...
Prefix Length :439296, Decode Length :1, inference time:0.004288040161132813s
>>>> Flash Attention installed
>>>> Flash RoPE installed
capturing graph...
Warming up...
Start benchmark...
Prefix Length :440320, Decode Length :1, inference time:0.004305296063423157s
>>>> Flash Attention installed
>>>> Flash RoPE installed
capturing graph...
Warming up...
Start benchmark...
Prefix Length :441344, Decode Length :1, inference time:0.004309764266014099s
>>>> Flash Attention installed
>>>> Flash RoPE installed
capturing graph...
Warming up...
Start benchmark...
Prefix Length :442368, Decode Length :1, inference time:0.004317390203475952s
>>>> Flash Attention installed
>>>> Flash RoPE installed
capturing graph...
Warming up...
Start benchmark...
Prefix Length :443392, Decode Length :1, inference time:0.004329191565513611s
>>>> Flash Attention installed
>>>> Flash RoPE installed
capturing graph...
Warming up...
Start benchmark...
Prefix Length :444416, Decode Length :1, inference time:0.004341920018196106s
>>>> Flash Attention installed
>>>> Flash RoPE installed
capturing graph...
Warming up...
Start benchmark...
Prefix Length :445440, Decode Length :1, inference time:0.004333432078361512s
>>>> Flash Attention installed
>>>> Flash RoPE installed
capturing graph...
Warming up...
Start benchmark...
Prefix Length :446464, Decode Length :1, inference time:0.004340909242630005s
>>>> Flash Attention installed
>>>> Flash RoPE installed
capturing graph...
Warming up...
Start benchmark...
Prefix Length :447488, Decode Length :1, inference time:0.00434646725654602s
>>>> Flash Attention installed
>>>> Flash RoPE installed
capturing graph...
Warming up...
Start benchmark...
Prefix Length :448512, Decode Length :1, inference time:0.004363626360893249s
>>>> Flash Attention installed
>>>> Flash RoPE installed
capturing graph...
Warming up...
Start benchmark...
Prefix Length :449536, Decode Length :1, inference time:0.004372366189956665s
