>>>> Flash Attention installed
>>>> Flash RoPE installed
Loading checkpoint shards:   0%|          | 0/2 [00:00<?, ?it/s]Loading checkpoint shards:  50%|█████     | 1/2 [00:07<00:07,  7.71s/it]Loading checkpoint shards: 100%|██████████| 2/2 [00:09<00:00,  4.09s/it]Loading checkpoint shards: 100%|██████████| 2/2 [00:09<00:00,  4.64s/it]
Resolving data files:   0%|          | 0/23 [00:00<?, ?it/s]Resolving data files:   4%|▍         | 1/23 [00:00<00:11,  1.92it/s]Resolving data files:  22%|██▏       | 5/23 [00:00<00:02,  8.85it/s]Resolving data files: 100%|██████████| 23/23 [00:00<00:00, 31.33it/s]
/home/hanshis/anaconda3/envs/torch/lib/python3.9/site-packages/datasets/table.py:1421: FutureWarning: promote has been superseded by mode='default'.
  table = cls._concat_blocks(blocks, axis=0)
  0%|          | 0/1 [00:00<?, ?it/s]100%|██████████| 1/1 [00:08<00:00,  8.78s/it]100%|██████████| 1/1 [00:08<00:00,  8.78s/it]
  0%|          | 0/1 [00:00<?, ?it/s]100%|██████████| 1/1 [00:11<00:00, 11.15s/it]100%|██████████| 1/1 [00:11<00:00, 11.15s/it]
  0%|          | 0/1 [00:00<?, ?it/s]100%|██████████| 1/1 [00:00<00:00,  2.39it/s]100%|██████████| 1/1 [00:00<00:00,  2.39it/s]
Cached Size: 1 | Max Budget: 1201
0.059923768043518066 512 1 10 warm up done
  0%|          | 0/1 [00:00<?, ?it/s]100%|██████████| 1/1 [00:00<00:00, 33.67it/s]
Cached Size: 1 | Max Budget: 1201
0.02679846692085266 24 1 1000
0.02731222939491272 40 1 1000
0.027813842058181763 56 1 1000
0.029929388761520386 72 1 1000
0.0300914044380188 88 1 1000
0.029220600843429565 104 1 1000
0.02995071268081665 120 1 1000
0.03141489315032959 136 1 1000
0.031721812009811404 152 1 1000
0.03353519701957702 168 1 1000
0.03385158205032349 184 1 1000
0.03384231019020081 200 1 1000
0.03409939980506897 216 1 1000
0.03456379747390747 232 1 1000
0.035277638912200926 248 1 1000
0.044834177494049075 264 1 1000
0.04526930022239685 280 1 1000
0.04604026579856873 296 1 1000
0.04634055280685425 312 1 1000
0.046761687755584716 328 1 1000
0.04713840842247009 344 1 1000
0.0475127067565918 360 1 1000
0.04820855569839477 376 1 1000
0.055297272205352785 392 1 1000
0.055887806415557864 408 1 1000
0.05789249491691589 424 1 1000
0.0588020236492157 440 1 1000
0.05985750937461853 456 1 1000
0.060502872943878176 472 1 1000
0.0613150098323822 488 1 1000
0.062115153074264524 504 1 1000
