>>>> Flash Attention installed
>>>> Flash RoPE installed
Loading checkpoint shards:   0%|          | 0/2 [00:00<?, ?it/s]Loading checkpoint shards:  50%|█████     | 1/2 [00:05<00:05,  5.72s/it]Loading checkpoint shards: 100%|██████████| 2/2 [00:07<00:00,  3.29s/it]Loading checkpoint shards: 100%|██████████| 2/2 [00:07<00:00,  3.65s/it]
Resolving data files:   0%|          | 0/23 [00:00<?, ?it/s]Resolving data files:   4%|▍         | 1/23 [00:00<00:14,  1.47it/s]Resolving data files:   9%|▊         | 2/23 [00:00<00:08,  2.55it/s]Resolving data files: 100%|██████████| 23/23 [00:00<00:00, 24.06it/s]
/home/hanshis/anaconda3/envs/torch/lib/python3.9/site-packages/datasets/table.py:1421: FutureWarning: promote has been superseded by mode='default'.
  table = cls._concat_blocks(blocks, axis=0)
  0%|          | 0/1 [00:00<?, ?it/s]100%|██████████| 1/1 [00:08<00:00,  8.41s/it]100%|██████████| 1/1 [00:08<00:00,  8.41s/it]
  0%|          | 0/1 [00:00<?, ?it/s]100%|██████████| 1/1 [00:10<00:00, 10.71s/it]100%|██████████| 1/1 [00:10<00:00, 10.71s/it]
  0%|          | 0/1 [00:00<?, ?it/s]100%|██████████| 1/1 [00:00<00:00,  2.14it/s]100%|██████████| 1/1 [00:00<00:00,  2.14it/s]
Cached Size: 1 | Max Budget: 201 | Start Size: 64 | Recent Size: -44 | Gamma: 130 | Skip Start Layers: 1
0.0001609487533569336 128 1 2000 warm up done
  0%|          | 0/1 [00:00<?, ?it/s]100%|██████████| 1/1 [00:00<00:00, 32.91it/s]
Cached Size: 1 | Max Budget: 201 | Start Size: 64 | Recent Size: -44 | Gamma: 130 | Skip Start Layers: 1
Cached Size: 1 | Max Budget: 201 | Start Size: 64 | Recent Size: -44 | Gamma: 130 | Skip Start Layers: 1
0.02536885917186737 0.0011759301424026489 1 1 2000
0.02544715476036072 0.0011759301424026489 2 1 2000
0.02549399745464325 0.0011759301424026489 4 1 2000
0.02534133577346802 0.0011759301424026489 8 1 2000
0.02537669050693512 0.0011759301424026489 12 1 2000
0.02559397268295288 0.0011759301424026489 16 1 2000
0.026865145921707155 0.0011759301424026489 20 1 2000
0.026905053734779357 0.0011759301424026489 24 1 2000
0.026996017575263976 0.0011759301424026489 28 1 2000
0.026169292807579042 0.0011759301424026489 32 1 2000
0.027318423867225647 0.0011759301424026489 36 1 2000
0.027380144596099852 0.0011759301424026489 40 1 2000
0.02757780075073242 0.0011759301424026489 44 1 2000
0.027687418818473815 0.0011759301424026489 48 1 2000
0.027770702958106994 0.0011759301424026489 52 1 2000
0.028019792914390565 0.0011759301424026489 56 1 2000
0.028045344352722167 0.0011759301424026489 60 1 2000
0.02809831714630127 0.0011759301424026489 64 1 2000
0.02985813570022583 0.0011759301424026489 68 1 2000
0.030073541045188903 0.0011759301424026489 72 1 2000
0.030120006918907167 0.0011759301424026489 76 1 2000
0.030211873412132263 0.0011759301424026489 80 1 2000
0.03016414511203766 0.0011759301424026489 84 1 2000
0.030210163950920105 0.0011759301424026489 88 1 2000
0.03028016674518585 0.0011759301424026489 92 1 2000
0.03028587055206299 0.0011759301424026489 96 1 2000
0.029359286189079285 0.0011759301424026489 100 1 2000
0.029419460535049437 0.0011759301424026489 104 1 2000
0.029474074959754945 0.0011759301424026489 108 1 2000
0.029604005336761476 0.0011759301424026489 112 1 2000
0.03012750506401062 0.0011759301424026489 116 1 2000
0.03009564459323883 0.0011759301424026489 120 1 2000
0.03014572811126709 0.0011759301424026489 124 1 2000
0.030426480054855348 0.0011759301424026489 128 1 2000
